DEBUG 2022-01-16 14:26:41,228 (G:\Projects\Personnal\Convert-SQL-Server-to-SQLite\DbAccess\SqlServerToSQLite.cs:865) - parsed table schema for [Bookings]
DEBUG 2022-01-16 14:26:41,425 (G:\Projects\Personnal\Convert-SQL-Server-to-SQLite\DbAccess\SqlServerToSQLite.cs:865) - parsed table schema for [Buildings]
DEBUG 2022-01-16 14:26:41,613 (G:\Projects\Personnal\Convert-SQL-Server-to-SQLite\DbAccess\SqlServerToSQLite.cs:865) - parsed table schema for [Companies]
DEBUG 2022-01-16 14:26:41,799 (G:\Projects\Personnal\Convert-SQL-Server-to-SQLite\DbAccess\SqlServerToSQLite.cs:865) - parsed table schema for [Configurations]
DEBUG 2022-01-16 14:26:41,992 (G:\Projects\Personnal\Convert-SQL-Server-to-SQLite\DbAccess\SqlServerToSQLite.cs:865) - parsed table schema for [DataProtectionKeys]
DEBUG 2022-01-16 14:26:42,186 (G:\Projects\Personnal\Convert-SQL-Server-to-SQLite\DbAccess\SqlServerToSQLite.cs:865) - parsed table schema for [Emails]
DEBUG 2022-01-16 14:26:42,363 (G:\Projects\Personnal\Convert-SQL-Server-to-SQLite\DbAccess\SqlServerToSQLite.cs:865) - parsed table schema for [Floors]
DEBUG 2022-01-16 14:26:42,556 (G:\Projects\Personnal\Convert-SQL-Server-to-SQLite\DbAccess\SqlServerToSQLite.cs:865) - parsed table schema for [JobLogs]
DEBUG 2022-01-16 14:26:42,750 (G:\Projects\Personnal\Convert-SQL-Server-to-SQLite\DbAccess\SqlServerToSQLite.cs:865) - parsed table schema for [Notifications]
DEBUG 2022-01-16 14:26:42,938 (G:\Projects\Personnal\Convert-SQL-Server-to-SQLite\DbAccess\SqlServerToSQLite.cs:865) - parsed table schema for [Offices]
DEBUG 2022-01-16 14:26:43,122 (G:\Projects\Personnal\Convert-SQL-Server-to-SQLite\DbAccess\SqlServerToSQLite.cs:865) - parsed table schema for [Onboardings]
DEBUG 2022-01-16 14:26:43,303 (G:\Projects\Personnal\Convert-SQL-Server-to-SQLite\DbAccess\SqlServerToSQLite.cs:865) - parsed table schema for [WorkingPolicies]
DEBUG 2022-01-16 14:26:43,481 (G:\Projects\Personnal\Convert-SQL-Server-to-SQLite\DbAccess\SqlServerToSQLite.cs:865) - parsed table schema for [SQLSessions]
DEBUG 2022-01-16 14:26:43,660 (G:\Projects\Personnal\Convert-SQL-Server-to-SQLite\DbAccess\SqlServerToSQLite.cs:865) - parsed table schema for [Users]
DEBUG 2022-01-16 14:26:43,856 (G:\Projects\Personnal\Convert-SQL-Server-to-SQLite\DbAccess\SqlServerToSQLite.cs:865) - parsed table schema for [UsersTeamsLink]
DEBUG 2022-01-16 14:26:44,044 (G:\Projects\Personnal\Convert-SQL-Server-to-SQLite\DbAccess\SqlServerToSQLite.cs:865) - parsed table schema for [Selections]
DEBUG 2022-01-16 14:26:44,227 (G:\Projects\Personnal\Convert-SQL-Server-to-SQLite\DbAccess\SqlServerToSQLite.cs:865) - parsed table schema for [SlackTeams]
DEBUG 2022-01-16 14:26:44,413 (G:\Projects\Personnal\Convert-SQL-Server-to-SQLite\DbAccess\SqlServerToSQLite.cs:865) - parsed table schema for [SlackMembers]
DEBUG 2022-01-16 14:26:44,590 (G:\Projects\Personnal\Convert-SQL-Server-to-SQLite\DbAccess\SqlServerToSQLite.cs:865) - parsed table schema for [Events]
DEBUG 2022-01-16 14:26:44,782 (G:\Projects\Personnal\Convert-SQL-Server-to-SQLite\DbAccess\SqlServerToSQLite.cs:865) - parsed table schema for [SeatArchitectures]
DEBUG 2022-01-16 14:26:44,966 (G:\Projects\Personnal\Convert-SQL-Server-to-SQLite\DbAccess\SqlServerToSQLite.cs:865) - parsed table schema for [Seats]
DEBUG 2022-01-16 14:26:45,161 (G:\Projects\Personnal\Convert-SQL-Server-to-SQLite\DbAccess\SqlServerToSQLite.cs:865) - parsed table schema for [Locations]
DEBUG 2022-01-16 14:26:45,346 (G:\Projects\Personnal\Convert-SQL-Server-to-SQLite\DbAccess\SqlServerToSQLite.cs:865) - parsed table schema for [Meetings]
DEBUG 2022-01-16 14:26:45,529 (G:\Projects\Personnal\Convert-SQL-Server-to-SQLite\DbAccess\SqlServerToSQLite.cs:865) - parsed table schema for [MeetingUsers]
DEBUG 2022-01-16 14:26:45,721 (G:\Projects\Personnal\Convert-SQL-Server-to-SQLite\DbAccess\SqlServerToSQLite.cs:865) - parsed table schema for [Teams]
DEBUG 2022-01-16 14:26:45,721 (G:\Projects\Personnal\Convert-SQL-Server-to-SQLite\DbAccess\SqlServerToSQLite.cs:869) - finished parsing all tables in SQL Server schema
DEBUG 2022-01-16 14:26:48,498 (G:\Projects\Personnal\Convert-SQL-Server-to-SQLite\DbAccess\SqlServerToSQLite.cs:487) - Creating SQLite database...
DEBUG 2022-01-16 14:26:48,499 (G:\Projects\Personnal\Convert-SQL-Server-to-SQLite\DbAccess\SqlServerToSQLite.cs:492) - SQLite file was created successfully at [C:\Users\Benjamin\Documents\test.db]
DEBUG 2022-01-16 14:26:48,582 (G:\Projects\Personnal\Convert-SQL-Server-to-SQLite\DbAccess\SqlServerToSQLite.cs:751) - DEFAULT VALUE BEFORE [(newid)] AFTER [(lower(hex(randomblob(4))) || '-' || lower(hex(randomblob(2))) || '-4' || substr(lower(hex(randomblob(2))),2) || '-' || substr('89ab',abs(random()) % 4 + 1, 1) || substr(lower(hex(randomblob(2))),2) || '-' || lower(hex(randomblob(6))))]
DEBUG 2022-01-16 14:26:48,583 (G:\Projects\Personnal\Convert-SQL-Server-to-SQLite\DbAccess\SqlServerToSQLite.cs:751) - DEFAULT VALUE BEFORE [] AFTER []
DEBUG 2022-01-16 14:26:48,583 (G:\Projects\Personnal\Convert-SQL-Server-to-SQLite\DbAccess\SqlServerToSQLite.cs:751) - DEFAULT VALUE BEFORE [] AFTER []
DEBUG 2022-01-16 14:26:48,583 (G:\Projects\Personnal\Convert-SQL-Server-to-SQLite\DbAccess\SqlServerToSQLite.cs:751) - DEFAULT VALUE BEFORE [] AFTER []
DEBUG 2022-01-16 14:26:48,583 (G:\Projects\Personnal\Convert-SQL-Server-to-SQLite\DbAccess\SqlServerToSQLite.cs:751) - DEFAULT VALUE BEFORE [(getdate)] AFTER [getdate]
DEBUG 2022-01-16 14:26:48,584 (G:\Projects\Personnal\Convert-SQL-Server-to-SQLite\DbAccess\SqlServerToSQLite.cs:754) - converted SQL Server GETDATE() to CURRENT_TIMESTAMP for column [CreationDate]
DEBUG 2022-01-16 14:26:48,584 (G:\Projects\Personnal\Convert-SQL-Server-to-SQLite\DbAccess\SqlServerToSQLite.cs:751) - DEFAULT VALUE BEFORE [] AFTER []
 INFO 2022-01-16 14:26:48,584 (G:\Projects\Personnal\Convert-SQL-Server-to-SQLite\DbAccess\SqlServerToSQLite.cs:597) - 

CREATE TABLE [Bookings] (
	"Id"		char(36) NOT NULL DEFAULT (lower(hex(randomblob(4))) || '-' || lower(hex(randomblob(2))) || '-4' || substr(lower(hex(randomblob(2))),2) || '-' || substr('89ab',abs(random()) % 4 + 1, 1) || substr(lower(hex(randomblob(2))),2) || '-' || lower(hex(randomblob(6)))),
	"IdUser"		char(36) NOT NULL,
	"IdLocation"		char(36) NOT NULL,
	"DateTarget"		date NOT NULL COLLATE NOCASE,
	"CreationDate"		datetime NOT NULL DEFAULT (CURRENT_TIMESTAMP),
	"SeatId"		char(36),
    PRIMARY KEY ([Id])
,
    FOREIGN KEY ([IdUser])
        REFERENCES [Users]([Id]) DEFERRABLE INITIALLY DEFERRED,
    FOREIGN KEY ([IdLocation])
        REFERENCES [Locations]([Id]) DEFERRABLE INITIALLY DEFERRED,
    FOREIGN KEY ([SeatId])
        REFERENCES [Seats]([Id]) DEFERRABLE INITIALLY DEFERRED
);



DEBUG 2022-01-16 14:26:48,599 (G:\Projects\Personnal\Convert-SQL-Server-to-SQLite\DbAccess\SqlServerToSQLite.cs:517) - added schema for SQLite table [Bookings]
DEBUG 2022-01-16 14:26:48,599 (G:\Projects\Personnal\Convert-SQL-Server-to-SQLite\DbAccess\SqlServerToSQLite.cs:751) - DEFAULT VALUE BEFORE [(newid)] AFTER [(lower(hex(randomblob(4))) || '-' || lower(hex(randomblob(2))) || '-4' || substr(lower(hex(randomblob(2))),2) || '-' || substr('89ab',abs(random()) % 4 + 1, 1) || substr(lower(hex(randomblob(2))),2) || '-' || lower(hex(randomblob(6))))]
DEBUG 2022-01-16 14:26:48,599 (G:\Projects\Personnal\Convert-SQL-Server-to-SQLite\DbAccess\SqlServerToSQLite.cs:751) - DEFAULT VALUE BEFORE [] AFTER []
DEBUG 2022-01-16 14:26:48,599 (G:\Projects\Personnal\Convert-SQL-Server-to-SQLite\DbAccess\SqlServerToSQLite.cs:751) - DEFAULT VALUE BEFORE [] AFTER []
DEBUG 2022-01-16 14:26:48,600 (G:\Projects\Personnal\Convert-SQL-Server-to-SQLite\DbAccess\SqlServerToSQLite.cs:751) - DEFAULT VALUE BEFORE [] AFTER []
DEBUG 2022-01-16 14:26:48,600 (G:\Projects\Personnal\Convert-SQL-Server-to-SQLite\DbAccess\SqlServerToSQLite.cs:751) - DEFAULT VALUE BEFORE [] AFTER []
DEBUG 2022-01-16 14:26:48,600 (G:\Projects\Personnal\Convert-SQL-Server-to-SQLite\DbAccess\SqlServerToSQLite.cs:751) - DEFAULT VALUE BEFORE [(getdate)] AFTER [getdate]
DEBUG 2022-01-16 14:26:48,600 (G:\Projects\Personnal\Convert-SQL-Server-to-SQLite\DbAccess\SqlServerToSQLite.cs:754) - converted SQL Server GETDATE() to CURRENT_TIMESTAMP for column [CreationDate]
DEBUG 2022-01-16 14:26:48,600 (G:\Projects\Personnal\Convert-SQL-Server-to-SQLite\DbAccess\SqlServerToSQLite.cs:751) - DEFAULT VALUE BEFORE [(0)] AFTER [0]
DEBUG 2022-01-16 14:26:48,600 (G:\Projects\Personnal\Convert-SQL-Server-to-SQLite\DbAccess\SqlServerToSQLite.cs:751) - DEFAULT VALUE BEFORE [] AFTER []
 INFO 2022-01-16 14:26:48,600 (G:\Projects\Personnal\Convert-SQL-Server-to-SQLite\DbAccess\SqlServerToSQLite.cs:597) - 

CREATE TABLE [Buildings] (
	"Id"		char(36) NOT NULL DEFAULT (lower(hex(randomblob(4))) || '-' || lower(hex(randomblob(2))) || '-4' || substr(lower(hex(randomblob(2))),2) || '-' || substr('89ab',abs(random()) % 4 + 1, 1) || substr(lower(hex(randomblob(2))),2) || '-' || lower(hex(randomblob(6)))),
	"Name"		nvarchar NOT NULL COLLATE NOCASE,
	"IdCompany"		char(36) NOT NULL,
	"OrderInList"		integer,
	"Location"		nvarchar COLLATE NOCASE,
	"CreationDate"		datetime NOT NULL DEFAULT (CURRENT_TIMESTAMP),
	"Archived"		bit NOT NULL DEFAULT 0,
	"ArchivedDate"		datetime,
    PRIMARY KEY ([Id])
,
    FOREIGN KEY ([IdCompany])
        REFERENCES [Companies]([Id]) DEFERRABLE INITIALLY DEFERRED
);



DEBUG 2022-01-16 14:26:48,608 (G:\Projects\Personnal\Convert-SQL-Server-to-SQLite\DbAccess\SqlServerToSQLite.cs:517) - added schema for SQLite table [Buildings]
DEBUG 2022-01-16 14:26:48,608 (G:\Projects\Personnal\Convert-SQL-Server-to-SQLite\DbAccess\SqlServerToSQLite.cs:751) - DEFAULT VALUE BEFORE [(newid)] AFTER [(lower(hex(randomblob(4))) || '-' || lower(hex(randomblob(2))) || '-4' || substr(lower(hex(randomblob(2))),2) || '-' || substr('89ab',abs(random()) % 4 + 1, 1) || substr(lower(hex(randomblob(2))),2) || '-' || lower(hex(randomblob(6))))]
DEBUG 2022-01-16 14:26:48,608 (G:\Projects\Personnal\Convert-SQL-Server-to-SQLite\DbAccess\SqlServerToSQLite.cs:751) - DEFAULT VALUE BEFORE [] AFTER []
DEBUG 2022-01-16 14:26:48,608 (G:\Projects\Personnal\Convert-SQL-Server-to-SQLite\DbAccess\SqlServerToSQLite.cs:751) - DEFAULT VALUE BEFORE [(getdate)] AFTER [getdate]
DEBUG 2022-01-16 14:26:48,609 (G:\Projects\Personnal\Convert-SQL-Server-to-SQLite\DbAccess\SqlServerToSQLite.cs:754) - converted SQL Server GETDATE() to CURRENT_TIMESTAMP for column [CreationDate]
 INFO 2022-01-16 14:26:48,609 (G:\Projects\Personnal\Convert-SQL-Server-to-SQLite\DbAccess\SqlServerToSQLite.cs:597) - 

CREATE TABLE [Companies] (
	"Id"		char(36) NOT NULL DEFAULT (lower(hex(randomblob(4))) || '-' || lower(hex(randomblob(2))) || '-4' || substr(lower(hex(randomblob(2))),2) || '-' || substr('89ab',abs(random()) % 4 + 1, 1) || substr(lower(hex(randomblob(2))),2) || '-' || lower(hex(randomblob(6)))),
	"Name"		nvarchar COLLATE NOCASE,
	"CreationDate"		datetime NOT NULL DEFAULT (CURRENT_TIMESTAMP),
    PRIMARY KEY ([Id])

);



DEBUG 2022-01-16 14:26:48,615 (G:\Projects\Personnal\Convert-SQL-Server-to-SQLite\DbAccess\SqlServerToSQLite.cs:517) - added schema for SQLite table [Companies]
DEBUG 2022-01-16 14:26:48,616 (G:\Projects\Personnal\Convert-SQL-Server-to-SQLite\DbAccess\SqlServerToSQLite.cs:751) - DEFAULT VALUE BEFORE [(newid)] AFTER [(lower(hex(randomblob(4))) || '-' || lower(hex(randomblob(2))) || '-4' || substr(lower(hex(randomblob(2))),2) || '-' || substr('89ab',abs(random()) % 4 + 1, 1) || substr(lower(hex(randomblob(2))),2) || '-' || lower(hex(randomblob(6))))]
DEBUG 2022-01-16 14:26:48,616 (G:\Projects\Personnal\Convert-SQL-Server-to-SQLite\DbAccess\SqlServerToSQLite.cs:751) - DEFAULT VALUE BEFORE [] AFTER []
DEBUG 2022-01-16 14:26:48,616 (G:\Projects\Personnal\Convert-SQL-Server-to-SQLite\DbAccess\SqlServerToSQLite.cs:751) - DEFAULT VALUE BEFORE [] AFTER []
DEBUG 2022-01-16 14:26:48,616 (G:\Projects\Personnal\Convert-SQL-Server-to-SQLite\DbAccess\SqlServerToSQLite.cs:751) - DEFAULT VALUE BEFORE [] AFTER []
DEBUG 2022-01-16 14:26:48,616 (G:\Projects\Personnal\Convert-SQL-Server-to-SQLite\DbAccess\SqlServerToSQLite.cs:751) - DEFAULT VALUE BEFORE [] AFTER []
 INFO 2022-01-16 14:26:48,616 (G:\Projects\Personnal\Convert-SQL-Server-to-SQLite\DbAccess\SqlServerToSQLite.cs:597) - 

CREATE TABLE [Configurations] (
	"Id"		char(36) NOT NULL DEFAULT (lower(hex(randomblob(4))) || '-' || lower(hex(randomblob(2))) || '-4' || substr(lower(hex(randomblob(2))),2) || '-' || substr('89ab',abs(random()) % 4 + 1, 1) || substr(lower(hex(randomblob(2))),2) || '-' || lower(hex(randomblob(6)))),
	"ConfKey"		nvarchar NOT NULL COLLATE NOCASE,
	"ConfValue"		nvarchar NOT NULL COLLATE NOCASE,
	"IdUser"		char(36),
	"IdCompany"		char(36),
    PRIMARY KEY ([Id])

);



DEBUG 2022-01-16 14:26:48,621 (G:\Projects\Personnal\Convert-SQL-Server-to-SQLite\DbAccess\SqlServerToSQLite.cs:517) - added schema for SQLite table [Configurations]
DEBUG 2022-01-16 14:26:48,622 (G:\Projects\Personnal\Convert-SQL-Server-to-SQLite\DbAccess\SqlServerToSQLite.cs:751) - DEFAULT VALUE BEFORE [] AFTER []
DEBUG 2022-01-16 14:26:48,622 (G:\Projects\Personnal\Convert-SQL-Server-to-SQLite\DbAccess\SqlServerToSQLite.cs:751) - DEFAULT VALUE BEFORE [] AFTER []
DEBUG 2022-01-16 14:26:48,622 (G:\Projects\Personnal\Convert-SQL-Server-to-SQLite\DbAccess\SqlServerToSQLite.cs:751) - DEFAULT VALUE BEFORE [] AFTER []
 INFO 2022-01-16 14:26:48,622 (G:\Projects\Personnal\Convert-SQL-Server-to-SQLite\DbAccess\SqlServerToSQLite.cs:597) - 

CREATE TABLE [DataProtectionKeys] (
	"Id"		integer PRIMARY KEY AUTOINCREMENT NOT NULL,
	"FriendlyName"		nvarchar COLLATE NOCASE,
	"Xml"		nvarchar COLLATE NOCASE

);



DEBUG 2022-01-16 14:26:48,627 (G:\Projects\Personnal\Convert-SQL-Server-to-SQLite\DbAccess\SqlServerToSQLite.cs:517) - added schema for SQLite table [DataProtectionKeys]
DEBUG 2022-01-16 14:26:48,627 (G:\Projects\Personnal\Convert-SQL-Server-to-SQLite\DbAccess\SqlServerToSQLite.cs:751) - DEFAULT VALUE BEFORE [(newid)] AFTER [(lower(hex(randomblob(4))) || '-' || lower(hex(randomblob(2))) || '-4' || substr(lower(hex(randomblob(2))),2) || '-' || substr('89ab',abs(random()) % 4 + 1, 1) || substr(lower(hex(randomblob(2))),2) || '-' || lower(hex(randomblob(6))))]
DEBUG 2022-01-16 14:26:48,627 (G:\Projects\Personnal\Convert-SQL-Server-to-SQLite\DbAccess\SqlServerToSQLite.cs:751) - DEFAULT VALUE BEFORE [] AFTER []
DEBUG 2022-01-16 14:26:48,627 (G:\Projects\Personnal\Convert-SQL-Server-to-SQLite\DbAccess\SqlServerToSQLite.cs:751) - DEFAULT VALUE BEFORE [] AFTER []
DEBUG 2022-01-16 14:26:48,627 (G:\Projects\Personnal\Convert-SQL-Server-to-SQLite\DbAccess\SqlServerToSQLite.cs:751) - DEFAULT VALUE BEFORE [] AFTER []
DEBUG 2022-01-16 14:26:48,627 (G:\Projects\Personnal\Convert-SQL-Server-to-SQLite\DbAccess\SqlServerToSQLite.cs:751) - DEFAULT VALUE BEFORE [] AFTER []
DEBUG 2022-01-16 14:26:48,627 (G:\Projects\Personnal\Convert-SQL-Server-to-SQLite\DbAccess\SqlServerToSQLite.cs:751) - DEFAULT VALUE BEFORE [] AFTER []
DEBUG 2022-01-16 14:26:48,628 (G:\Projects\Personnal\Convert-SQL-Server-to-SQLite\DbAccess\SqlServerToSQLite.cs:751) - DEFAULT VALUE BEFORE [] AFTER []
DEBUG 2022-01-16 14:26:48,628 (G:\Projects\Personnal\Convert-SQL-Server-to-SQLite\DbAccess\SqlServerToSQLite.cs:751) - DEFAULT VALUE BEFORE [] AFTER []
DEBUG 2022-01-16 14:26:48,628 (G:\Projects\Personnal\Convert-SQL-Server-to-SQLite\DbAccess\SqlServerToSQLite.cs:751) - DEFAULT VALUE BEFORE [] AFTER []
DEBUG 2022-01-16 14:26:48,628 (G:\Projects\Personnal\Convert-SQL-Server-to-SQLite\DbAccess\SqlServerToSQLite.cs:751) - DEFAULT VALUE BEFORE [] AFTER []
DEBUG 2022-01-16 14:26:48,628 (G:\Projects\Personnal\Convert-SQL-Server-to-SQLite\DbAccess\SqlServerToSQLite.cs:751) - DEFAULT VALUE BEFORE [] AFTER []
DEBUG 2022-01-16 14:26:48,628 (G:\Projects\Personnal\Convert-SQL-Server-to-SQLite\DbAccess\SqlServerToSQLite.cs:751) - DEFAULT VALUE BEFORE [] AFTER []
 INFO 2022-01-16 14:26:48,628 (G:\Projects\Personnal\Convert-SQL-Server-to-SQLite\DbAccess\SqlServerToSQLite.cs:597) - 

CREATE TABLE [Emails] (
	"Id"		char(36) NOT NULL DEFAULT (lower(hex(randomblob(4))) || '-' || lower(hex(randomblob(2))) || '-4' || substr(lower(hex(randomblob(2))),2) || '-' || substr('89ab',abs(random()) % 4 + 1, 1) || substr(lower(hex(randomblob(2))),2) || '-' || lower(hex(randomblob(6)))),
	"FieldTo"		nvarchar NOT NULL COLLATE NOCASE,
	"FieldCc"		nvarchar NOT NULL COLLATE NOCASE,
	"FieldBcc"		nvarchar NOT NULL COLLATE NOCASE,
	"Subject"		nvarchar NOT NULL COLLATE NOCASE,
	"Template"		nvarchar NOT NULL COLLATE NOCASE,
	"Model"		nvarchar NOT NULL COLLATE NOCASE,
	"CreationDate"		datetime NOT NULL,
	"SentDate"		datetime,
	"SendingResult"		bit,
	"SendingMessageId"		nvarchar COLLATE NOCASE,
	"SendingError"		nvarchar COLLATE NOCASE

);



DEBUG 2022-01-16 14:26:48,633 (G:\Projects\Personnal\Convert-SQL-Server-to-SQLite\DbAccess\SqlServerToSQLite.cs:517) - added schema for SQLite table [Emails]
DEBUG 2022-01-16 14:26:48,634 (G:\Projects\Personnal\Convert-SQL-Server-to-SQLite\DbAccess\SqlServerToSQLite.cs:751) - DEFAULT VALUE BEFORE [(newid)] AFTER [(lower(hex(randomblob(4))) || '-' || lower(hex(randomblob(2))) || '-4' || substr(lower(hex(randomblob(2))),2) || '-' || substr('89ab',abs(random()) % 4 + 1, 1) || substr(lower(hex(randomblob(2))),2) || '-' || lower(hex(randomblob(6))))]
DEBUG 2022-01-16 14:26:48,634 (G:\Projects\Personnal\Convert-SQL-Server-to-SQLite\DbAccess\SqlServerToSQLite.cs:751) - DEFAULT VALUE BEFORE [] AFTER []
DEBUG 2022-01-16 14:26:48,634 (G:\Projects\Personnal\Convert-SQL-Server-to-SQLite\DbAccess\SqlServerToSQLite.cs:751) - DEFAULT VALUE BEFORE [] AFTER []
DEBUG 2022-01-16 14:26:48,634 (G:\Projects\Personnal\Convert-SQL-Server-to-SQLite\DbAccess\SqlServerToSQLite.cs:751) - DEFAULT VALUE BEFORE [] AFTER []
DEBUG 2022-01-16 14:26:48,634 (G:\Projects\Personnal\Convert-SQL-Server-to-SQLite\DbAccess\SqlServerToSQLite.cs:751) - DEFAULT VALUE BEFORE [] AFTER []
DEBUG 2022-01-16 14:26:48,634 (G:\Projects\Personnal\Convert-SQL-Server-to-SQLite\DbAccess\SqlServerToSQLite.cs:751) - DEFAULT VALUE BEFORE [(getdate)] AFTER [getdate]
DEBUG 2022-01-16 14:26:48,634 (G:\Projects\Personnal\Convert-SQL-Server-to-SQLite\DbAccess\SqlServerToSQLite.cs:754) - converted SQL Server GETDATE() to CURRENT_TIMESTAMP for column [CreationDate]
DEBUG 2022-01-16 14:26:48,634 (G:\Projects\Personnal\Convert-SQL-Server-to-SQLite\DbAccess\SqlServerToSQLite.cs:751) - DEFAULT VALUE BEFORE [(0)] AFTER [0]
DEBUG 2022-01-16 14:26:48,635 (G:\Projects\Personnal\Convert-SQL-Server-to-SQLite\DbAccess\SqlServerToSQLite.cs:751) - DEFAULT VALUE BEFORE [] AFTER []
DEBUG 2022-01-16 14:26:48,635 (G:\Projects\Personnal\Convert-SQL-Server-to-SQLite\DbAccess\SqlServerToSQLite.cs:751) - DEFAULT VALUE BEFORE [] AFTER []
 INFO 2022-01-16 14:26:48,635 (G:\Projects\Personnal\Convert-SQL-Server-to-SQLite\DbAccess\SqlServerToSQLite.cs:597) - 

CREATE TABLE [Floors] (
	"Id"		char(36) NOT NULL DEFAULT (lower(hex(randomblob(4))) || '-' || lower(hex(randomblob(2))) || '-4' || substr(lower(hex(randomblob(2))),2) || '-' || substr('89ab',abs(random()) % 4 + 1, 1) || substr(lower(hex(randomblob(2))),2) || '-' || lower(hex(randomblob(6)))),
	"Name"		nvarchar NOT NULL COLLATE NOCASE,
	"IdBuilding"		char(36) NOT NULL,
	"OrderInList"		integer,
	"ContextualPicture"		nvarchar COLLATE NOCASE,
	"CreationDate"		datetime NOT NULL DEFAULT (CURRENT_TIMESTAMP),
	"Archived"		bit NOT NULL DEFAULT 0,
	"ArchivedDate"		datetime,
	"SeatArchitectureId"		char(36),
    PRIMARY KEY ([Id])
,
    FOREIGN KEY ([IdBuilding])
        REFERENCES [Buildings]([Id]) DEFERRABLE INITIALLY DEFERRED,
    FOREIGN KEY ([SeatArchitectureId])
        REFERENCES [SeatArchitectures]([Id]) DEFERRABLE INITIALLY DEFERRED
);



DEBUG 2022-01-16 14:26:48,640 (G:\Projects\Personnal\Convert-SQL-Server-to-SQLite\DbAccess\SqlServerToSQLite.cs:517) - added schema for SQLite table [Floors]
DEBUG 2022-01-16 14:26:48,640 (G:\Projects\Personnal\Convert-SQL-Server-to-SQLite\DbAccess\SqlServerToSQLite.cs:751) - DEFAULT VALUE BEFORE [(newid)] AFTER [(lower(hex(randomblob(4))) || '-' || lower(hex(randomblob(2))) || '-4' || substr(lower(hex(randomblob(2))),2) || '-' || substr('89ab',abs(random()) % 4 + 1, 1) || substr(lower(hex(randomblob(2))),2) || '-' || lower(hex(randomblob(6))))]
DEBUG 2022-01-16 14:26:48,640 (G:\Projects\Personnal\Convert-SQL-Server-to-SQLite\DbAccess\SqlServerToSQLite.cs:751) - DEFAULT VALUE BEFORE [] AFTER []
DEBUG 2022-01-16 14:26:48,640 (G:\Projects\Personnal\Convert-SQL-Server-to-SQLite\DbAccess\SqlServerToSQLite.cs:751) - DEFAULT VALUE BEFORE [] AFTER []
DEBUG 2022-01-16 14:26:48,640 (G:\Projects\Personnal\Convert-SQL-Server-to-SQLite\DbAccess\SqlServerToSQLite.cs:751) - DEFAULT VALUE BEFORE [] AFTER []
DEBUG 2022-01-16 14:26:48,640 (G:\Projects\Personnal\Convert-SQL-Server-to-SQLite\DbAccess\SqlServerToSQLite.cs:751) - DEFAULT VALUE BEFORE [] AFTER []
DEBUG 2022-01-16 14:26:48,641 (G:\Projects\Personnal\Convert-SQL-Server-to-SQLite\DbAccess\SqlServerToSQLite.cs:751) - DEFAULT VALUE BEFORE [] AFTER []
 INFO 2022-01-16 14:26:48,641 (G:\Projects\Personnal\Convert-SQL-Server-to-SQLite\DbAccess\SqlServerToSQLite.cs:597) - 

CREATE TABLE [JobLogs] (
	"Id"		char(36) NOT NULL DEFAULT (lower(hex(randomblob(4))) || '-' || lower(hex(randomblob(2))) || '-4' || substr(lower(hex(randomblob(2))),2) || '-' || substr('89ab',abs(random()) % 4 + 1, 1) || substr(lower(hex(randomblob(2))),2) || '-' || lower(hex(randomblob(6)))),
	"Part"		nvarchar NOT NULL COLLATE NOCASE,
	"SubPart"		nvarchar NOT NULL COLLATE NOCASE,
	"Criticity"		integer NOT NULL,
	"Comment"		nvarchar NOT NULL COLLATE NOCASE,
	"Date"		datetime NOT NULL,
    PRIMARY KEY ([Id])

);



DEBUG 2022-01-16 14:26:48,648 (G:\Projects\Personnal\Convert-SQL-Server-to-SQLite\DbAccess\SqlServerToSQLite.cs:517) - added schema for SQLite table [JobLogs]
DEBUG 2022-01-16 14:26:48,648 (G:\Projects\Personnal\Convert-SQL-Server-to-SQLite\DbAccess\SqlServerToSQLite.cs:751) - DEFAULT VALUE BEFORE [(newid)] AFTER [(lower(hex(randomblob(4))) || '-' || lower(hex(randomblob(2))) || '-4' || substr(lower(hex(randomblob(2))),2) || '-' || substr('89ab',abs(random()) % 4 + 1, 1) || substr(lower(hex(randomblob(2))),2) || '-' || lower(hex(randomblob(6))))]
DEBUG 2022-01-16 14:26:48,648 (G:\Projects\Personnal\Convert-SQL-Server-to-SQLite\DbAccess\SqlServerToSQLite.cs:751) - DEFAULT VALUE BEFORE [] AFTER []
DEBUG 2022-01-16 14:26:48,648 (G:\Projects\Personnal\Convert-SQL-Server-to-SQLite\DbAccess\SqlServerToSQLite.cs:751) - DEFAULT VALUE BEFORE [] AFTER []
DEBUG 2022-01-16 14:26:48,649 (G:\Projects\Personnal\Convert-SQL-Server-to-SQLite\DbAccess\SqlServerToSQLite.cs:751) - DEFAULT VALUE BEFORE [] AFTER []
DEBUG 2022-01-16 14:26:48,649 (G:\Projects\Personnal\Convert-SQL-Server-to-SQLite\DbAccess\SqlServerToSQLite.cs:751) - DEFAULT VALUE BEFORE [(NULL)] AFTER [NULL]
DEBUG 2022-01-16 14:26:48,649 (G:\Projects\Personnal\Convert-SQL-Server-to-SQLite\DbAccess\SqlServerToSQLite.cs:751) - DEFAULT VALUE BEFORE [] AFTER []
DEBUG 2022-01-16 14:26:48,649 (G:\Projects\Personnal\Convert-SQL-Server-to-SQLite\DbAccess\SqlServerToSQLite.cs:751) - DEFAULT VALUE BEFORE ['Info'] AFTER ['Info']
DEBUG 2022-01-16 14:26:48,649 (G:\Projects\Personnal\Convert-SQL-Server-to-SQLite\DbAccess\SqlServerToSQLite.cs:751) - DEFAULT VALUE BEFORE [''] AFTER ['']
 INFO 2022-01-16 14:26:48,649 (G:\Projects\Personnal\Convert-SQL-Server-to-SQLite\DbAccess\SqlServerToSQLite.cs:597) - 

CREATE TABLE [Notifications] (
	"Id"		char(36) NOT NULL DEFAULT (lower(hex(randomblob(4))) || '-' || lower(hex(randomblob(2))) || '-4' || substr(lower(hex(randomblob(2))),2) || '-' || substr('89ab',abs(random()) % 4 + 1, 1) || substr(lower(hex(randomblob(2))),2) || '-' || lower(hex(randomblob(6)))),
	"IdUser"		char(36) NOT NULL,
	"DateGeneration"		datetime NOT NULL,
	"DateClose"		datetime,
	"RemoveAfter"		datetime,
	"Payload"		nvarchar COLLATE NOCASE,
	"Level"		nvarchar(50) NOT NULL COLLATE NOCASE DEFAULT 'Info',
	"Type"		nvarchar(50) NOT NULL COLLATE NOCASE DEFAULT '',
    PRIMARY KEY ([Id])

);



DEBUG 2022-01-16 14:26:48,655 (G:\Projects\Personnal\Convert-SQL-Server-to-SQLite\DbAccess\SqlServerToSQLite.cs:517) - added schema for SQLite table [Notifications]
DEBUG 2022-01-16 14:26:48,656 (G:\Projects\Personnal\Convert-SQL-Server-to-SQLite\DbAccess\SqlServerToSQLite.cs:751) - DEFAULT VALUE BEFORE [(newid)] AFTER [(lower(hex(randomblob(4))) || '-' || lower(hex(randomblob(2))) || '-4' || substr(lower(hex(randomblob(2))),2) || '-' || substr('89ab',abs(random()) % 4 + 1, 1) || substr(lower(hex(randomblob(2))),2) || '-' || lower(hex(randomblob(6))))]
DEBUG 2022-01-16 14:26:48,656 (G:\Projects\Personnal\Convert-SQL-Server-to-SQLite\DbAccess\SqlServerToSQLite.cs:751) - DEFAULT VALUE BEFORE [] AFTER []
DEBUG 2022-01-16 14:26:48,656 (G:\Projects\Personnal\Convert-SQL-Server-to-SQLite\DbAccess\SqlServerToSQLite.cs:751) - DEFAULT VALUE BEFORE [] AFTER []
DEBUG 2022-01-16 14:26:48,656 (G:\Projects\Personnal\Convert-SQL-Server-to-SQLite\DbAccess\SqlServerToSQLite.cs:751) - DEFAULT VALUE BEFORE [] AFTER []
DEBUG 2022-01-16 14:26:48,656 (G:\Projects\Personnal\Convert-SQL-Server-to-SQLite\DbAccess\SqlServerToSQLite.cs:751) - DEFAULT VALUE BEFORE [] AFTER []
DEBUG 2022-01-16 14:26:48,656 (G:\Projects\Personnal\Convert-SQL-Server-to-SQLite\DbAccess\SqlServerToSQLite.cs:751) - DEFAULT VALUE BEFORE [] AFTER []
DEBUG 2022-01-16 14:26:48,657 (G:\Projects\Personnal\Convert-SQL-Server-to-SQLite\DbAccess\SqlServerToSQLite.cs:751) - DEFAULT VALUE BEFORE [] AFTER []
DEBUG 2022-01-16 14:26:48,657 (G:\Projects\Personnal\Convert-SQL-Server-to-SQLite\DbAccess\SqlServerToSQLite.cs:751) - DEFAULT VALUE BEFORE [] AFTER []
DEBUG 2022-01-16 14:26:48,657 (G:\Projects\Personnal\Convert-SQL-Server-to-SQLite\DbAccess\SqlServerToSQLite.cs:751) - DEFAULT VALUE BEFORE [] AFTER []
DEBUG 2022-01-16 14:26:48,657 (G:\Projects\Personnal\Convert-SQL-Server-to-SQLite\DbAccess\SqlServerToSQLite.cs:751) - DEFAULT VALUE BEFORE [(getdate)] AFTER [getdate]
DEBUG 2022-01-16 14:26:48,657 (G:\Projects\Personnal\Convert-SQL-Server-to-SQLite\DbAccess\SqlServerToSQLite.cs:754) - converted SQL Server GETDATE() to CURRENT_TIMESTAMP for column [CreationDate]
DEBUG 2022-01-16 14:26:48,657 (G:\Projects\Personnal\Convert-SQL-Server-to-SQLite\DbAccess\SqlServerToSQLite.cs:751) - DEFAULT VALUE BEFORE [(0)] AFTER [0]
DEBUG 2022-01-16 14:26:48,657 (G:\Projects\Personnal\Convert-SQL-Server-to-SQLite\DbAccess\SqlServerToSQLite.cs:751) - DEFAULT VALUE BEFORE [] AFTER []
DEBUG 2022-01-16 14:26:48,657 (G:\Projects\Personnal\Convert-SQL-Server-to-SQLite\DbAccess\SqlServerToSQLite.cs:751) - DEFAULT VALUE BEFORE [(0)] AFTER [0]
DEBUG 2022-01-16 14:26:48,657 (G:\Projects\Personnal\Convert-SQL-Server-to-SQLite\DbAccess\SqlServerToSQLite.cs:751) - DEFAULT VALUE BEFORE [] AFTER []
 INFO 2022-01-16 14:26:48,658 (G:\Projects\Personnal\Convert-SQL-Server-to-SQLite\DbAccess\SqlServerToSQLite.cs:597) - 

CREATE TABLE [Offices] (
	"Id"		char(36) NOT NULL DEFAULT (lower(hex(randomblob(4))) || '-' || lower(hex(randomblob(2))) || '-4' || substr(lower(hex(randomblob(2))),2) || '-' || substr('89ab',abs(random()) % 4 + 1, 1) || substr(lower(hex(randomblob(2))),2) || '-' || lower(hex(randomblob(6)))),
	"Name"		nvarchar NOT NULL COLLATE NOCASE,
	"Capacity"		integer NOT NULL,
	"AllowedLoad"		integer NOT NULL,
	"IdFloor"		char(36) NOT NULL,
	"OrderInList"		integer,
	"EquipmentsInline"		nvarchar COLLATE NOCASE,
	"Location"		nvarchar COLLATE NOCASE,
	"ContextualPicture"		nvarchar COLLATE NOCASE,
	"CreationDate"		datetime NOT NULL DEFAULT (CURRENT_TIMESTAMP),
	"Archived"		bit NOT NULL DEFAULT 0,
	"ArchivedDate"		datetime,
	"Type"		integer NOT NULL DEFAULT 0,
	"Coordinate"		nvarchar COLLATE NOCASE,
    PRIMARY KEY ([Id])
,
    FOREIGN KEY ([IdFloor])
        REFERENCES [Floors]([Id]) DEFERRABLE INITIALLY DEFERRED
);



DEBUG 2022-01-16 14:26:48,664 (G:\Projects\Personnal\Convert-SQL-Server-to-SQLite\DbAccess\SqlServerToSQLite.cs:517) - added schema for SQLite table [Offices]
DEBUG 2022-01-16 14:26:48,664 (G:\Projects\Personnal\Convert-SQL-Server-to-SQLite\DbAccess\SqlServerToSQLite.cs:751) - DEFAULT VALUE BEFORE [(newid)] AFTER [(lower(hex(randomblob(4))) || '-' || lower(hex(randomblob(2))) || '-4' || substr(lower(hex(randomblob(2))),2) || '-' || substr('89ab',abs(random()) % 4 + 1, 1) || substr(lower(hex(randomblob(2))),2) || '-' || lower(hex(randomblob(6))))]
DEBUG 2022-01-16 14:26:48,665 (G:\Projects\Personnal\Convert-SQL-Server-to-SQLite\DbAccess\SqlServerToSQLite.cs:751) - DEFAULT VALUE BEFORE [] AFTER []
DEBUG 2022-01-16 14:26:48,665 (G:\Projects\Personnal\Convert-SQL-Server-to-SQLite\DbAccess\SqlServerToSQLite.cs:751) - DEFAULT VALUE BEFORE [] AFTER []
DEBUG 2022-01-16 14:26:48,665 (G:\Projects\Personnal\Convert-SQL-Server-to-SQLite\DbAccess\SqlServerToSQLite.cs:751) - DEFAULT VALUE BEFORE [] AFTER []
DEBUG 2022-01-16 14:26:48,665 (G:\Projects\Personnal\Convert-SQL-Server-to-SQLite\DbAccess\SqlServerToSQLite.cs:751) - DEFAULT VALUE BEFORE [] AFTER []
DEBUG 2022-01-16 14:26:48,665 (G:\Projects\Personnal\Convert-SQL-Server-to-SQLite\DbAccess\SqlServerToSQLite.cs:751) - DEFAULT VALUE BEFORE [] AFTER []
DEBUG 2022-01-16 14:26:48,665 (G:\Projects\Personnal\Convert-SQL-Server-to-SQLite\DbAccess\SqlServerToSQLite.cs:751) - DEFAULT VALUE BEFORE [] AFTER []
DEBUG 2022-01-16 14:26:48,665 (G:\Projects\Personnal\Convert-SQL-Server-to-SQLite\DbAccess\SqlServerToSQLite.cs:751) - DEFAULT VALUE BEFORE [] AFTER []
DEBUG 2022-01-16 14:26:48,665 (G:\Projects\Personnal\Convert-SQL-Server-to-SQLite\DbAccess\SqlServerToSQLite.cs:751) - DEFAULT VALUE BEFORE [] AFTER []
DEBUG 2022-01-16 14:26:48,665 (G:\Projects\Personnal\Convert-SQL-Server-to-SQLite\DbAccess\SqlServerToSQLite.cs:751) - DEFAULT VALUE BEFORE [] AFTER []
DEBUG 2022-01-16 14:26:48,666 (G:\Projects\Personnal\Convert-SQL-Server-to-SQLite\DbAccess\SqlServerToSQLite.cs:751) - DEFAULT VALUE BEFORE [(0)] AFTER [0]
DEBUG 2022-01-16 14:26:48,666 (G:\Projects\Personnal\Convert-SQL-Server-to-SQLite\DbAccess\SqlServerToSQLite.cs:751) - DEFAULT VALUE BEFORE [(getdate)] AFTER [getdate]
DEBUG 2022-01-16 14:26:48,666 (G:\Projects\Personnal\Convert-SQL-Server-to-SQLite\DbAccess\SqlServerToSQLite.cs:754) - converted SQL Server GETDATE() to CURRENT_TIMESTAMP for column [CreationDate]
DEBUG 2022-01-16 14:26:48,666 (G:\Projects\Personnal\Convert-SQL-Server-to-SQLite\DbAccess\SqlServerToSQLite.cs:751) - DEFAULT VALUE BEFORE [(0)] AFTER [0]
DEBUG 2022-01-16 14:26:48,666 (G:\Projects\Personnal\Convert-SQL-Server-to-SQLite\DbAccess\SqlServerToSQLite.cs:751) - DEFAULT VALUE BEFORE [] AFTER []
DEBUG 2022-01-16 14:26:48,666 (G:\Projects\Personnal\Convert-SQL-Server-to-SQLite\DbAccess\SqlServerToSQLite.cs:751) - DEFAULT VALUE BEFORE [] AFTER []
DEBUG 2022-01-16 14:26:48,666 (G:\Projects\Personnal\Convert-SQL-Server-to-SQLite\DbAccess\SqlServerToSQLite.cs:751) - DEFAULT VALUE BEFORE [] AFTER []
DEBUG 2022-01-16 14:26:48,666 (G:\Projects\Personnal\Convert-SQL-Server-to-SQLite\DbAccess\SqlServerToSQLite.cs:751) - DEFAULT VALUE BEFORE [] AFTER []
DEBUG 2022-01-16 14:26:48,666 (G:\Projects\Personnal\Convert-SQL-Server-to-SQLite\DbAccess\SqlServerToSQLite.cs:751) - DEFAULT VALUE BEFORE [] AFTER []
 INFO 2022-01-16 14:26:48,666 (G:\Projects\Personnal\Convert-SQL-Server-to-SQLite\DbAccess\SqlServerToSQLite.cs:597) - 

CREATE TABLE [Onboardings] (
	"Id"		char(36) NOT NULL DEFAULT (lower(hex(randomblob(4))) || '-' || lower(hex(randomblob(2))) || '-4' || substr(lower(hex(randomblob(2))),2) || '-' || substr('89ab',abs(random()) % 4 + 1, 1) || substr(lower(hex(randomblob(2))),2) || '-' || lower(hex(randomblob(6)))),
	"Team"		nvarchar NOT NULL COLLATE NOCASE,
	"Manager"		nvarchar NOT NULL COLLATE NOCASE,
	"IdMonday"		char(36) NOT NULL,
	"IdTuesday"		char(36) NOT NULL,
	"IdWednesday"		char(36) NOT NULL,
	"IdThursday"		char(36) NOT NULL,
	"IdFriday"		char(36) NOT NULL,
	"IdOwner"		char(36) NOT NULL,
	"URLToken"		nvarchar COLLATE NOCASE,
	"SkipHierarchyConfig"		bit NOT NULL DEFAULT 0,
	"CreationDate"		datetime NOT NULL DEFAULT (CURRENT_TIMESTAMP),
	"AlreadySent"		bit NOT NULL DEFAULT 0,
	"SeatIdMonday"		char(36),
	"SeatIdTuesday"		char(36),
	"SeatIdWednesday"		char(36),
	"SeatIdThursday"		char(36),
	"SeatIdFriday"		char(36),
    PRIMARY KEY ([Id])
,
    FOREIGN KEY ([IdMonday])
        REFERENCES [Locations]([Id]) DEFERRABLE INITIALLY DEFERRED,
    FOREIGN KEY ([IdTuesday])
        REFERENCES [Locations]([Id]) DEFERRABLE INITIALLY DEFERRED,
    FOREIGN KEY ([IdWednesday])
        REFERENCES [Locations]([Id]) DEFERRABLE INITIALLY DEFERRED,
    FOREIGN KEY ([IdThursday])
        REFERENCES [Locations]([Id]) DEFERRABLE INITIALLY DEFERRED,
    FOREIGN KEY ([IdFriday])
        REFERENCES [Locations]([Id]) DEFERRABLE INITIALLY DEFERRED,
    FOREIGN KEY ([IdOwner])
        REFERENCES [Users]([Id]) DEFERRABLE INITIALLY DEFERRED,
    FOREIGN KEY ([SeatIdMonday])
        REFERENCES [Seats]([Id]) DEFERRABLE INITIALLY DEFERRED,
    FOREIGN KEY ([SeatIdTuesday])
        REFERENCES [Seats]([Id]) DEFERRABLE INITIALLY DEFERRED,
    FOREIGN KEY ([SeatIdWednesday])
        REFERENCES [Seats]([Id]) DEFERRABLE INITIALLY DEFERRED,
    FOREIGN KEY ([SeatIdThursday])
        REFERENCES [Seats]([Id]) DEFERRABLE INITIALLY DEFERRED,
    FOREIGN KEY ([SeatIdFriday])
        REFERENCES [Seats]([Id]) DEFERRABLE INITIALLY DEFERRED
);



DEBUG 2022-01-16 14:26:48,675 (G:\Projects\Personnal\Convert-SQL-Server-to-SQLite\DbAccess\SqlServerToSQLite.cs:517) - added schema for SQLite table [Onboardings]
DEBUG 2022-01-16 14:26:48,675 (G:\Projects\Personnal\Convert-SQL-Server-to-SQLite\DbAccess\SqlServerToSQLite.cs:751) - DEFAULT VALUE BEFORE [] AFTER []
DEBUG 2022-01-16 14:26:48,675 (G:\Projects\Personnal\Convert-SQL-Server-to-SQLite\DbAccess\SqlServerToSQLite.cs:751) - DEFAULT VALUE BEFORE [] AFTER []
DEBUG 2022-01-16 14:26:48,676 (G:\Projects\Personnal\Convert-SQL-Server-to-SQLite\DbAccess\SqlServerToSQLite.cs:751) - DEFAULT VALUE BEFORE [] AFTER []
DEBUG 2022-01-16 14:26:48,676 (G:\Projects\Personnal\Convert-SQL-Server-to-SQLite\DbAccess\SqlServerToSQLite.cs:751) - DEFAULT VALUE BEFORE [] AFTER []
DEBUG 2022-01-16 14:26:48,676 (G:\Projects\Personnal\Convert-SQL-Server-to-SQLite\DbAccess\SqlServerToSQLite.cs:751) - DEFAULT VALUE BEFORE [] AFTER []
DEBUG 2022-01-16 14:26:48,676 (G:\Projects\Personnal\Convert-SQL-Server-to-SQLite\DbAccess\SqlServerToSQLite.cs:751) - DEFAULT VALUE BEFORE [(getdate)] AFTER [getdate]
DEBUG 2022-01-16 14:26:48,676 (G:\Projects\Personnal\Convert-SQL-Server-to-SQLite\DbAccess\SqlServerToSQLite.cs:754) - converted SQL Server GETDATE() to CURRENT_TIMESTAMP for column [CreationDate]
DEBUG 2022-01-16 14:26:48,676 (G:\Projects\Personnal\Convert-SQL-Server-to-SQLite\DbAccess\SqlServerToSQLite.cs:751) - DEFAULT VALUE BEFORE [] AFTER []
 INFO 2022-01-16 14:26:48,676 (G:\Projects\Personnal\Convert-SQL-Server-to-SQLite\DbAccess\SqlServerToSQLite.cs:597) - 

CREATE TABLE [WorkingPolicies] (
	"Id"		char(36) NOT NULL,
	"Name"		nvarchar COLLATE NOCASE,
	"MinRemoteDay"		integer NOT NULL,
	"MaxRemoteDay"		integer NOT NULL,
	"ExtraRemoteDayPerMonth"		integer NOT NULL,
	"CreationDate"		datetime NOT NULL DEFAULT (CURRENT_TIMESTAMP),
	"CompanyId"		char(36) NOT NULL,
    PRIMARY KEY ([Id])
,
    FOREIGN KEY ([CompanyId])
        REFERENCES [Companies]([Id]) DEFERRABLE INITIALLY DEFERRED
);



DEBUG 2022-01-16 14:26:48,683 (G:\Projects\Personnal\Convert-SQL-Server-to-SQLite\DbAccess\SqlServerToSQLite.cs:517) - added schema for SQLite table [WorkingPolicies]
DEBUG 2022-01-16 14:26:48,683 (G:\Projects\Personnal\Convert-SQL-Server-to-SQLite\DbAccess\SqlServerToSQLite.cs:751) - DEFAULT VALUE BEFORE [] AFTER []
DEBUG 2022-01-16 14:26:48,684 (G:\Projects\Personnal\Convert-SQL-Server-to-SQLite\DbAccess\SqlServerToSQLite.cs:751) - DEFAULT VALUE BEFORE [] AFTER []
DEBUG 2022-01-16 14:26:48,684 (G:\Projects\Personnal\Convert-SQL-Server-to-SQLite\DbAccess\SqlServerToSQLite.cs:751) - DEFAULT VALUE BEFORE [] AFTER []
DEBUG 2022-01-16 14:26:48,684 (G:\Projects\Personnal\Convert-SQL-Server-to-SQLite\DbAccess\SqlServerToSQLite.cs:751) - DEFAULT VALUE BEFORE [] AFTER []
DEBUG 2022-01-16 14:26:48,685 (G:\Projects\Personnal\Convert-SQL-Server-to-SQLite\DbAccess\SqlServerToSQLite.cs:751) - DEFAULT VALUE BEFORE [] AFTER []
 INFO 2022-01-16 14:26:48,685 (G:\Projects\Personnal\Convert-SQL-Server-to-SQLite\DbAccess\SqlServerToSQLite.cs:597) - 

CREATE TABLE [SQLSessions] (
	"Id"		nvarchar(900) NOT NULL COLLATE NOCASE,
	"Value"		blob NOT NULL,
	"ExpiresAtTime"		datetimeoffset NOT NULL COLLATE NOCASE,
	"SlidingExpirationInSeconds"		integer,
	"AbsoluteExpiration"		datetimeoffset COLLATE NOCASE,
    PRIMARY KEY ([Id])

);



DEBUG 2022-01-16 14:26:48,691 (G:\Projects\Personnal\Convert-SQL-Server-to-SQLite\DbAccess\SqlServerToSQLite.cs:517) - added schema for SQLite table [SQLSessions]
DEBUG 2022-01-16 14:26:48,691 (G:\Projects\Personnal\Convert-SQL-Server-to-SQLite\DbAccess\SqlServerToSQLite.cs:751) - DEFAULT VALUE BEFORE [(newid)] AFTER [(lower(hex(randomblob(4))) || '-' || lower(hex(randomblob(2))) || '-4' || substr(lower(hex(randomblob(2))),2) || '-' || substr('89ab',abs(random()) % 4 + 1, 1) || substr(lower(hex(randomblob(2))),2) || '-' || lower(hex(randomblob(6))))]
DEBUG 2022-01-16 14:26:48,691 (G:\Projects\Personnal\Convert-SQL-Server-to-SQLite\DbAccess\SqlServerToSQLite.cs:751) - DEFAULT VALUE BEFORE [] AFTER []
DEBUG 2022-01-16 14:26:48,691 (G:\Projects\Personnal\Convert-SQL-Server-to-SQLite\DbAccess\SqlServerToSQLite.cs:751) - DEFAULT VALUE BEFORE [] AFTER []
DEBUG 2022-01-16 14:26:48,691 (G:\Projects\Personnal\Convert-SQL-Server-to-SQLite\DbAccess\SqlServerToSQLite.cs:751) - DEFAULT VALUE BEFORE [] AFTER []
DEBUG 2022-01-16 14:26:48,691 (G:\Projects\Personnal\Convert-SQL-Server-to-SQLite\DbAccess\SqlServerToSQLite.cs:751) - DEFAULT VALUE BEFORE [] AFTER []
DEBUG 2022-01-16 14:26:48,692 (G:\Projects\Personnal\Convert-SQL-Server-to-SQLite\DbAccess\SqlServerToSQLite.cs:751) - DEFAULT VALUE BEFORE [] AFTER []
DEBUG 2022-01-16 14:26:48,692 (G:\Projects\Personnal\Convert-SQL-Server-to-SQLite\DbAccess\SqlServerToSQLite.cs:751) - DEFAULT VALUE BEFORE [] AFTER []
DEBUG 2022-01-16 14:26:48,692 (G:\Projects\Personnal\Convert-SQL-Server-to-SQLite\DbAccess\SqlServerToSQLite.cs:751) - DEFAULT VALUE BEFORE [] AFTER []
DEBUG 2022-01-16 14:26:48,692 (G:\Projects\Personnal\Convert-SQL-Server-to-SQLite\DbAccess\SqlServerToSQLite.cs:751) - DEFAULT VALUE BEFORE [] AFTER []
DEBUG 2022-01-16 14:26:48,692 (G:\Projects\Personnal\Convert-SQL-Server-to-SQLite\DbAccess\SqlServerToSQLite.cs:751) - DEFAULT VALUE BEFORE [] AFTER []
DEBUG 2022-01-16 14:26:48,692 (G:\Projects\Personnal\Convert-SQL-Server-to-SQLite\DbAccess\SqlServerToSQLite.cs:751) - DEFAULT VALUE BEFORE [(getdate)] AFTER [getdate]
DEBUG 2022-01-16 14:26:48,692 (G:\Projects\Personnal\Convert-SQL-Server-to-SQLite\DbAccess\SqlServerToSQLite.cs:754) - converted SQL Server GETDATE() to CURRENT_TIMESTAMP for column [CreationDate]
DEBUG 2022-01-16 14:26:48,693 (G:\Projects\Personnal\Convert-SQL-Server-to-SQLite\DbAccess\SqlServerToSQLite.cs:751) - DEFAULT VALUE BEFORE [] AFTER []
DEBUG 2022-01-16 14:26:48,693 (G:\Projects\Personnal\Convert-SQL-Server-to-SQLite\DbAccess\SqlServerToSQLite.cs:751) - DEFAULT VALUE BEFORE [(0)] AFTER [0]
 INFO 2022-01-16 14:26:48,693 (G:\Projects\Personnal\Convert-SQL-Server-to-SQLite\DbAccess\SqlServerToSQLite.cs:597) - 

CREATE TABLE [Users] (
	"Id"		char(36) NOT NULL DEFAULT (lower(hex(randomblob(4))) || '-' || lower(hex(randomblob(2))) || '-4' || substr(lower(hex(randomblob(2))),2) || '-' || substr('89ab',abs(random()) % 4 + 1, 1) || substr(lower(hex(randomblob(2))),2) || '-' || lower(hex(randomblob(6)))),
	"Email"		nvarchar NOT NULL COLLATE NOCASE,
	"HashPassword"		nvarchar NOT NULL COLLATE NOCASE,
	"TinyPicture"		nvarchar COLLATE NOCASE,
	"IdCompany"		char(36) NOT NULL,
	"SmallPicture"		nvarchar COLLATE NOCASE,
	"FullName"		nvarchar COLLATE NOCASE,
	"FirstName"		nvarchar COLLATE NOCASE,
	"LastName"		nvarchar COLLATE NOCASE,
	"RoleSerialized"		nvarchar COLLATE NOCASE,
	"CreationDate"		datetime NOT NULL DEFAULT (CURRENT_TIMESTAMP),
	"SlackMemberId"		nvarchar(50) COLLATE NOCASE,
	"IsOnboarded"		bit NOT NULL DEFAULT 0,
    PRIMARY KEY ([Id])
,
    FOREIGN KEY ([IdCompany])
        REFERENCES [Companies]([Id]) DEFERRABLE INITIALLY DEFERRED,
    FOREIGN KEY ([SlackMemberId])
        REFERENCES [SlackMembers]([Id]) DEFERRABLE INITIALLY DEFERRED
);



DEBUG 2022-01-16 14:26:48,699 (G:\Projects\Personnal\Convert-SQL-Server-to-SQLite\DbAccess\SqlServerToSQLite.cs:517) - added schema for SQLite table [Users]
DEBUG 2022-01-16 14:26:48,699 (G:\Projects\Personnal\Convert-SQL-Server-to-SQLite\DbAccess\SqlServerToSQLite.cs:751) - DEFAULT VALUE BEFORE [] AFTER []
DEBUG 2022-01-16 14:26:48,699 (G:\Projects\Personnal\Convert-SQL-Server-to-SQLite\DbAccess\SqlServerToSQLite.cs:751) - DEFAULT VALUE BEFORE [] AFTER []
DEBUG 2022-01-16 14:26:48,699 (G:\Projects\Personnal\Convert-SQL-Server-to-SQLite\DbAccess\SqlServerToSQLite.cs:751) - DEFAULT VALUE BEFORE [(newid)] AFTER [(lower(hex(randomblob(4))) || '-' || lower(hex(randomblob(2))) || '-4' || substr(lower(hex(randomblob(2))),2) || '-' || substr('89ab',abs(random()) % 4 + 1, 1) || substr(lower(hex(randomblob(2))),2) || '-' || lower(hex(randomblob(6))))]
DEBUG 2022-01-16 14:26:48,699 (G:\Projects\Personnal\Convert-SQL-Server-to-SQLite\DbAccess\SqlServerToSQLite.cs:751) - DEFAULT VALUE BEFORE [(getdate)] AFTER [getdate]
DEBUG 2022-01-16 14:26:48,700 (G:\Projects\Personnal\Convert-SQL-Server-to-SQLite\DbAccess\SqlServerToSQLite.cs:754) - converted SQL Server GETDATE() to CURRENT_TIMESTAMP for column [CreationDate]
 INFO 2022-01-16 14:26:48,700 (G:\Projects\Personnal\Convert-SQL-Server-to-SQLite\DbAccess\SqlServerToSQLite.cs:597) - 

CREATE TABLE [UsersTeamsLink] (
	"IdUser"		char(36) NOT NULL,
	"IdTeam"		char(36) NOT NULL,
	"Id"		char(36) NOT NULL DEFAULT (lower(hex(randomblob(4))) || '-' || lower(hex(randomblob(2))) || '-4' || substr(lower(hex(randomblob(2))),2) || '-' || substr('89ab',abs(random()) % 4 + 1, 1) || substr(lower(hex(randomblob(2))),2) || '-' || lower(hex(randomblob(6)))),
	"CreationDate"		datetime NOT NULL DEFAULT (CURRENT_TIMESTAMP),
    PRIMARY KEY ([Id])
,
    FOREIGN KEY ([IdUser])
        REFERENCES [Users]([Id]) DEFERRABLE INITIALLY DEFERRED,
    FOREIGN KEY ([IdTeam])
        REFERENCES [Teams]([Id]) DEFERRABLE INITIALLY DEFERRED
);



DEBUG 2022-01-16 14:26:48,705 (G:\Projects\Personnal\Convert-SQL-Server-to-SQLite\DbAccess\SqlServerToSQLite.cs:517) - added schema for SQLite table [UsersTeamsLink]
DEBUG 2022-01-16 14:26:48,705 (G:\Projects\Personnal\Convert-SQL-Server-to-SQLite\DbAccess\SqlServerToSQLite.cs:751) - DEFAULT VALUE BEFORE [] AFTER []
DEBUG 2022-01-16 14:26:48,705 (G:\Projects\Personnal\Convert-SQL-Server-to-SQLite\DbAccess\SqlServerToSQLite.cs:751) - DEFAULT VALUE BEFORE [] AFTER []
DEBUG 2022-01-16 14:26:48,706 (G:\Projects\Personnal\Convert-SQL-Server-to-SQLite\DbAccess\SqlServerToSQLite.cs:751) - DEFAULT VALUE BEFORE [] AFTER []
DEBUG 2022-01-16 14:26:48,706 (G:\Projects\Personnal\Convert-SQL-Server-to-SQLite\DbAccess\SqlServerToSQLite.cs:751) - DEFAULT VALUE BEFORE [(getdate)] AFTER [getdate]
DEBUG 2022-01-16 14:26:48,706 (G:\Projects\Personnal\Convert-SQL-Server-to-SQLite\DbAccess\SqlServerToSQLite.cs:754) - converted SQL Server GETDATE() to CURRENT_TIMESTAMP for column [CreationDate]
DEBUG 2022-01-16 14:26:48,706 (G:\Projects\Personnal\Convert-SQL-Server-to-SQLite\DbAccess\SqlServerToSQLite.cs:751) - DEFAULT VALUE BEFORE [] AFTER []
 INFO 2022-01-16 14:26:48,706 (G:\Projects\Personnal\Convert-SQL-Server-to-SQLite\DbAccess\SqlServerToSQLite.cs:597) - 

CREATE TABLE [Selections] (
	"Id"		char(36) NOT NULL,
	"UserId"		char(36) NOT NULL,
	"Data"		nvarchar COLLATE NOCASE,
	"CreationDate"		datetime NOT NULL DEFAULT (CURRENT_TIMESTAMP),
	"PreviousData"		nvarchar COLLATE NOCASE,
    PRIMARY KEY ([Id])
,
    FOREIGN KEY ([UserId])
        REFERENCES [Users]([Id]) DEFERRABLE INITIALLY DEFERRED
);



DEBUG 2022-01-16 14:26:48,711 (G:\Projects\Personnal\Convert-SQL-Server-to-SQLite\DbAccess\SqlServerToSQLite.cs:517) - added schema for SQLite table [Selections]
DEBUG 2022-01-16 14:26:48,712 (G:\Projects\Personnal\Convert-SQL-Server-to-SQLite\DbAccess\SqlServerToSQLite.cs:751) - DEFAULT VALUE BEFORE [] AFTER []
DEBUG 2022-01-16 14:26:48,712 (G:\Projects\Personnal\Convert-SQL-Server-to-SQLite\DbAccess\SqlServerToSQLite.cs:751) - DEFAULT VALUE BEFORE [] AFTER []
DEBUG 2022-01-16 14:26:48,712 (G:\Projects\Personnal\Convert-SQL-Server-to-SQLite\DbAccess\SqlServerToSQLite.cs:751) - DEFAULT VALUE BEFORE [] AFTER []
DEBUG 2022-01-16 14:26:48,712 (G:\Projects\Personnal\Convert-SQL-Server-to-SQLite\DbAccess\SqlServerToSQLite.cs:751) - DEFAULT VALUE BEFORE [] AFTER []
DEBUG 2022-01-16 14:26:48,712 (G:\Projects\Personnal\Convert-SQL-Server-to-SQLite\DbAccess\SqlServerToSQLite.cs:751) - DEFAULT VALUE BEFORE [] AFTER []
DEBUG 2022-01-16 14:26:48,712 (G:\Projects\Personnal\Convert-SQL-Server-to-SQLite\DbAccess\SqlServerToSQLite.cs:751) - DEFAULT VALUE BEFORE [(getdate)] AFTER [getdate]
DEBUG 2022-01-16 14:26:48,713 (G:\Projects\Personnal\Convert-SQL-Server-to-SQLite\DbAccess\SqlServerToSQLite.cs:754) - converted SQL Server GETDATE() to CURRENT_TIMESTAMP for column [CreationDate]
DEBUG 2022-01-16 14:26:48,713 (G:\Projects\Personnal\Convert-SQL-Server-to-SQLite\DbAccess\SqlServerToSQLite.cs:751) - DEFAULT VALUE BEFORE [''] AFTER ['']
 INFO 2022-01-16 14:26:48,713 (G:\Projects\Personnal\Convert-SQL-Server-to-SQLite\DbAccess\SqlServerToSQLite.cs:597) - 

CREATE TABLE [SlackTeams] (
	"Id"		nvarchar(50) NOT NULL COLLATE NOCASE,
	"CompanyId"		char(36) NOT NULL,
	"Name"		nvarchar COLLATE NOCASE,
	"Domain"		nvarchar COLLATE NOCASE,
	"EmailDomain"		nvarchar COLLATE NOCASE,
	"CreationDate"		datetime NOT NULL DEFAULT (CURRENT_TIMESTAMP),
	"AccessToken"		nvarchar NOT NULL COLLATE NOCASE DEFAULT '',
    PRIMARY KEY ([Id])
,
    FOREIGN KEY ([CompanyId])
        REFERENCES [Companies]([Id]) DEFERRABLE INITIALLY DEFERRED
);



DEBUG 2022-01-16 14:26:48,718 (G:\Projects\Personnal\Convert-SQL-Server-to-SQLite\DbAccess\SqlServerToSQLite.cs:517) - added schema for SQLite table [SlackTeams]
DEBUG 2022-01-16 14:26:48,718 (G:\Projects\Personnal\Convert-SQL-Server-to-SQLite\DbAccess\SqlServerToSQLite.cs:751) - DEFAULT VALUE BEFORE [] AFTER []
DEBUG 2022-01-16 14:26:48,718 (G:\Projects\Personnal\Convert-SQL-Server-to-SQLite\DbAccess\SqlServerToSQLite.cs:751) - DEFAULT VALUE BEFORE [] AFTER []
DEBUG 2022-01-16 14:26:48,718 (G:\Projects\Personnal\Convert-SQL-Server-to-SQLite\DbAccess\SqlServerToSQLite.cs:751) - DEFAULT VALUE BEFORE [] AFTER []
DEBUG 2022-01-16 14:26:48,718 (G:\Projects\Personnal\Convert-SQL-Server-to-SQLite\DbAccess\SqlServerToSQLite.cs:751) - DEFAULT VALUE BEFORE [] AFTER []
DEBUG 2022-01-16 14:26:48,719 (G:\Projects\Personnal\Convert-SQL-Server-to-SQLite\DbAccess\SqlServerToSQLite.cs:751) - DEFAULT VALUE BEFORE [] AFTER []
DEBUG 2022-01-16 14:26:48,719 (G:\Projects\Personnal\Convert-SQL-Server-to-SQLite\DbAccess\SqlServerToSQLite.cs:751) - DEFAULT VALUE BEFORE [] AFTER []
DEBUG 2022-01-16 14:26:48,719 (G:\Projects\Personnal\Convert-SQL-Server-to-SQLite\DbAccess\SqlServerToSQLite.cs:751) - DEFAULT VALUE BEFORE [] AFTER []
DEBUG 2022-01-16 14:26:48,719 (G:\Projects\Personnal\Convert-SQL-Server-to-SQLite\DbAccess\SqlServerToSQLite.cs:751) - DEFAULT VALUE BEFORE [] AFTER []
DEBUG 2022-01-16 14:26:48,719 (G:\Projects\Personnal\Convert-SQL-Server-to-SQLite\DbAccess\SqlServerToSQLite.cs:751) - DEFAULT VALUE BEFORE [] AFTER []
DEBUG 2022-01-16 14:26:48,719 (G:\Projects\Personnal\Convert-SQL-Server-to-SQLite\DbAccess\SqlServerToSQLite.cs:751) - DEFAULT VALUE BEFORE [] AFTER []
DEBUG 2022-01-16 14:26:48,719 (G:\Projects\Personnal\Convert-SQL-Server-to-SQLite\DbAccess\SqlServerToSQLite.cs:751) - DEFAULT VALUE BEFORE [(getdate)] AFTER [getdate]
DEBUG 2022-01-16 14:26:48,719 (G:\Projects\Personnal\Convert-SQL-Server-to-SQLite\DbAccess\SqlServerToSQLite.cs:754) - converted SQL Server GETDATE() to CURRENT_TIMESTAMP for column [CreationDate]
DEBUG 2022-01-16 14:26:48,720 (G:\Projects\Personnal\Convert-SQL-Server-to-SQLite\DbAccess\SqlServerToSQLite.cs:751) - DEFAULT VALUE BEFORE [] AFTER []
 INFO 2022-01-16 14:26:48,720 (G:\Projects\Personnal\Convert-SQL-Server-to-SQLite\DbAccess\SqlServerToSQLite.cs:597) - 

CREATE TABLE [SlackMembers] (
	"Id"		nvarchar(50) NOT NULL COLLATE NOCASE,
	"Email"		nvarchar NOT NULL COLLATE NOCASE,
	"TeamId"		nvarchar(50) NOT NULL COLLATE NOCASE,
	"Name"		nvarchar COLLATE NOCASE,
	"RealName"		nvarchar COLLATE NOCASE,
	"Deleted"		bit,
	"IsAdmin"		bit,
	"IsBot"		bit,
	"IsAppUser"		bit,
	"IsEmailConfirmed"		bit,
	"CreationDate"		datetime NOT NULL DEFAULT (CURRENT_TIMESTAMP),
	"PersonalToken"		nvarchar COLLATE NOCASE,
    PRIMARY KEY ([Id])
,
    FOREIGN KEY ([TeamId])
        REFERENCES [SlackTeams]([Id]) DEFERRABLE INITIALLY DEFERRED,
    FOREIGN KEY ([TeamId])
        REFERENCES [SlackTeams]([Id]) DEFERRABLE INITIALLY DEFERRED
);



DEBUG 2022-01-16 14:26:48,725 (G:\Projects\Personnal\Convert-SQL-Server-to-SQLite\DbAccess\SqlServerToSQLite.cs:517) - added schema for SQLite table [SlackMembers]
DEBUG 2022-01-16 14:26:48,726 (G:\Projects\Personnal\Convert-SQL-Server-to-SQLite\DbAccess\SqlServerToSQLite.cs:751) - DEFAULT VALUE BEFORE [] AFTER []
DEBUG 2022-01-16 14:26:48,726 (G:\Projects\Personnal\Convert-SQL-Server-to-SQLite\DbAccess\SqlServerToSQLite.cs:751) - DEFAULT VALUE BEFORE [] AFTER []
DEBUG 2022-01-16 14:26:48,726 (G:\Projects\Personnal\Convert-SQL-Server-to-SQLite\DbAccess\SqlServerToSQLite.cs:751) - DEFAULT VALUE BEFORE [] AFTER []
DEBUG 2022-01-16 14:26:48,726 (G:\Projects\Personnal\Convert-SQL-Server-to-SQLite\DbAccess\SqlServerToSQLite.cs:751) - DEFAULT VALUE BEFORE [] AFTER []
DEBUG 2022-01-16 14:26:48,726 (G:\Projects\Personnal\Convert-SQL-Server-to-SQLite\DbAccess\SqlServerToSQLite.cs:751) - DEFAULT VALUE BEFORE [(getdate)] AFTER [getdate]
DEBUG 2022-01-16 14:26:48,726 (G:\Projects\Personnal\Convert-SQL-Server-to-SQLite\DbAccess\SqlServerToSQLite.cs:754) - converted SQL Server GETDATE() to CURRENT_TIMESTAMP for column [CreationDate]
 INFO 2022-01-16 14:26:48,726 (G:\Projects\Personnal\Convert-SQL-Server-to-SQLite\DbAccess\SqlServerToSQLite.cs:597) - 

CREATE TABLE [Events] (
	"Id"		char(36) NOT NULL,
	"Name"		nvarchar NOT NULL COLLATE NOCASE,
	"CompanyId"		char(36) NOT NULL,
	"UserId"		char(36) NOT NULL,
	"CreationDate"		datetime NOT NULL DEFAULT (CURRENT_TIMESTAMP),
    PRIMARY KEY ([Id])
,
    FOREIGN KEY ([CompanyId])
        REFERENCES [Companies]([Id]) DEFERRABLE INITIALLY DEFERRED,
    FOREIGN KEY ([UserId])
        REFERENCES [Users]([Id]) DEFERRABLE INITIALLY DEFERRED
);



DEBUG 2022-01-16 14:26:48,731 (G:\Projects\Personnal\Convert-SQL-Server-to-SQLite\DbAccess\SqlServerToSQLite.cs:517) - added schema for SQLite table [Events]
DEBUG 2022-01-16 14:26:48,731 (G:\Projects\Personnal\Convert-SQL-Server-to-SQLite\DbAccess\SqlServerToSQLite.cs:751) - DEFAULT VALUE BEFORE [(newid)] AFTER [(lower(hex(randomblob(4))) || '-' || lower(hex(randomblob(2))) || '-4' || substr(lower(hex(randomblob(2))),2) || '-' || substr('89ab',abs(random()) % 4 + 1, 1) || substr(lower(hex(randomblob(2))),2) || '-' || lower(hex(randomblob(6))))]
DEBUG 2022-01-16 14:26:48,731 (G:\Projects\Personnal\Convert-SQL-Server-to-SQLite\DbAccess\SqlServerToSQLite.cs:751) - DEFAULT VALUE BEFORE [] AFTER []
DEBUG 2022-01-16 14:26:48,732 (G:\Projects\Personnal\Convert-SQL-Server-to-SQLite\DbAccess\SqlServerToSQLite.cs:751) - DEFAULT VALUE BEFORE [(getdate)] AFTER [getdate]
DEBUG 2022-01-16 14:26:48,732 (G:\Projects\Personnal\Convert-SQL-Server-to-SQLite\DbAccess\SqlServerToSQLite.cs:754) - converted SQL Server GETDATE() to CURRENT_TIMESTAMP for column [CreationDate]
 INFO 2022-01-16 14:26:48,732 (G:\Projects\Personnal\Convert-SQL-Server-to-SQLite\DbAccess\SqlServerToSQLite.cs:597) - 

CREATE TABLE [SeatArchitectures] (
	"Id"		char(36) NOT NULL DEFAULT (lower(hex(randomblob(4))) || '-' || lower(hex(randomblob(2))) || '-4' || substr(lower(hex(randomblob(2))),2) || '-' || substr('89ab',abs(random()) % 4 + 1, 1) || substr(lower(hex(randomblob(2))),2) || '-' || lower(hex(randomblob(6)))),
	"Base64Image"		nvarchar NOT NULL COLLATE NOCASE,
	"CreationDate"		datetime NOT NULL DEFAULT (CURRENT_TIMESTAMP),
    PRIMARY KEY ([Id])

);



DEBUG 2022-01-16 14:26:48,736 (G:\Projects\Personnal\Convert-SQL-Server-to-SQLite\DbAccess\SqlServerToSQLite.cs:517) - added schema for SQLite table [SeatArchitectures]
DEBUG 2022-01-16 14:26:48,736 (G:\Projects\Personnal\Convert-SQL-Server-to-SQLite\DbAccess\SqlServerToSQLite.cs:751) - DEFAULT VALUE BEFORE [(newid)] AFTER [(lower(hex(randomblob(4))) || '-' || lower(hex(randomblob(2))) || '-4' || substr(lower(hex(randomblob(2))),2) || '-' || substr('89ab',abs(random()) % 4 + 1, 1) || substr(lower(hex(randomblob(2))),2) || '-' || lower(hex(randomblob(6))))]
DEBUG 2022-01-16 14:26:48,736 (G:\Projects\Personnal\Convert-SQL-Server-to-SQLite\DbAccess\SqlServerToSQLite.cs:751) - DEFAULT VALUE BEFORE [] AFTER []
DEBUG 2022-01-16 14:26:48,737 (G:\Projects\Personnal\Convert-SQL-Server-to-SQLite\DbAccess\SqlServerToSQLite.cs:751) - DEFAULT VALUE BEFORE [] AFTER []
DEBUG 2022-01-16 14:26:48,737 (G:\Projects\Personnal\Convert-SQL-Server-to-SQLite\DbAccess\SqlServerToSQLite.cs:751) - DEFAULT VALUE BEFORE [] AFTER []
DEBUG 2022-01-16 14:26:48,737 (G:\Projects\Personnal\Convert-SQL-Server-to-SQLite\DbAccess\SqlServerToSQLite.cs:751) - DEFAULT VALUE BEFORE [] AFTER []
DEBUG 2022-01-16 14:26:48,737 (G:\Projects\Personnal\Convert-SQL-Server-to-SQLite\DbAccess\SqlServerToSQLite.cs:751) - DEFAULT VALUE BEFORE [] AFTER []
DEBUG 2022-01-16 14:26:48,737 (G:\Projects\Personnal\Convert-SQL-Server-to-SQLite\DbAccess\SqlServerToSQLite.cs:751) - DEFAULT VALUE BEFORE [] AFTER []
DEBUG 2022-01-16 14:26:48,737 (G:\Projects\Personnal\Convert-SQL-Server-to-SQLite\DbAccess\SqlServerToSQLite.cs:751) - DEFAULT VALUE BEFORE [] AFTER []
DEBUG 2022-01-16 14:26:48,737 (G:\Projects\Personnal\Convert-SQL-Server-to-SQLite\DbAccess\SqlServerToSQLite.cs:751) - DEFAULT VALUE BEFORE [(getdate)] AFTER [getdate]
DEBUG 2022-01-16 14:26:48,737 (G:\Projects\Personnal\Convert-SQL-Server-to-SQLite\DbAccess\SqlServerToSQLite.cs:754) - converted SQL Server GETDATE() to CURRENT_TIMESTAMP for column [CreationDate]
 INFO 2022-01-16 14:26:48,738 (G:\Projects\Personnal\Convert-SQL-Server-to-SQLite\DbAccess\SqlServerToSQLite.cs:597) - 

CREATE TABLE [Seats] (
	"Id"		char(36) NOT NULL DEFAULT (lower(hex(randomblob(4))) || '-' || lower(hex(randomblob(2))) || '-4' || substr(lower(hex(randomblob(2))),2) || '-' || substr('89ab',abs(random()) % 4 + 1, 1) || substr(lower(hex(randomblob(2))),2) || '-' || lower(hex(randomblob(6)))),
	"SeatArchitectureId"		char(36) NOT NULL,
	"OfficeId"		char(36) NOT NULL,
	"Index"		integer NOT NULL,
	"Name"		nvarchar NOT NULL COLLATE NOCASE,
	"XParam"		numeric NOT NULL,
	"YParam"		numeric NOT NULL,
	"EquipmentsInline"		nvarchar COLLATE NOCASE,
	"CreationDate"		datetime NOT NULL DEFAULT (CURRENT_TIMESTAMP),
    PRIMARY KEY ([Id])
,
    FOREIGN KEY ([SeatArchitectureId])
        REFERENCES [SeatArchitectures]([Id]) DEFERRABLE INITIALLY DEFERRED,
    FOREIGN KEY ([OfficeId])
        REFERENCES [Offices]([Id]) DEFERRABLE INITIALLY DEFERRED
);



DEBUG 2022-01-16 14:26:48,743 (G:\Projects\Personnal\Convert-SQL-Server-to-SQLite\DbAccess\SqlServerToSQLite.cs:517) - added schema for SQLite table [Seats]
DEBUG 2022-01-16 14:26:48,743 (G:\Projects\Personnal\Convert-SQL-Server-to-SQLite\DbAccess\SqlServerToSQLite.cs:751) - DEFAULT VALUE BEFORE [(newid)] AFTER [(lower(hex(randomblob(4))) || '-' || lower(hex(randomblob(2))) || '-4' || substr(lower(hex(randomblob(2))),2) || '-' || substr('89ab',abs(random()) % 4 + 1, 1) || substr(lower(hex(randomblob(2))),2) || '-' || lower(hex(randomblob(6))))]
DEBUG 2022-01-16 14:26:48,743 (G:\Projects\Personnal\Convert-SQL-Server-to-SQLite\DbAccess\SqlServerToSQLite.cs:751) - DEFAULT VALUE BEFORE [] AFTER []
DEBUG 2022-01-16 14:26:48,744 (G:\Projects\Personnal\Convert-SQL-Server-to-SQLite\DbAccess\SqlServerToSQLite.cs:751) - DEFAULT VALUE BEFORE [] AFTER []
DEBUG 2022-01-16 14:26:48,744 (G:\Projects\Personnal\Convert-SQL-Server-to-SQLite\DbAccess\SqlServerToSQLite.cs:751) - DEFAULT VALUE BEFORE [] AFTER []
DEBUG 2022-01-16 14:26:48,744 (G:\Projects\Personnal\Convert-SQL-Server-to-SQLite\DbAccess\SqlServerToSQLite.cs:751) - DEFAULT VALUE BEFORE [] AFTER []
DEBUG 2022-01-16 14:26:48,744 (G:\Projects\Personnal\Convert-SQL-Server-to-SQLite\DbAccess\SqlServerToSQLite.cs:751) - DEFAULT VALUE BEFORE [] AFTER []
DEBUG 2022-01-16 14:26:48,744 (G:\Projects\Personnal\Convert-SQL-Server-to-SQLite\DbAccess\SqlServerToSQLite.cs:751) - DEFAULT VALUE BEFORE [(0)] AFTER [0]
DEBUG 2022-01-16 14:26:48,744 (G:\Projects\Personnal\Convert-SQL-Server-to-SQLite\DbAccess\SqlServerToSQLite.cs:751) - DEFAULT VALUE BEFORE [] AFTER []
DEBUG 2022-01-16 14:26:48,744 (G:\Projects\Personnal\Convert-SQL-Server-to-SQLite\DbAccess\SqlServerToSQLite.cs:751) - DEFAULT VALUE BEFORE [(0)] AFTER [0]
DEBUG 2022-01-16 14:26:48,744 (G:\Projects\Personnal\Convert-SQL-Server-to-SQLite\DbAccess\SqlServerToSQLite.cs:751) - DEFAULT VALUE BEFORE [] AFTER []
DEBUG 2022-01-16 14:26:48,744 (G:\Projects\Personnal\Convert-SQL-Server-to-SQLite\DbAccess\SqlServerToSQLite.cs:751) - DEFAULT VALUE BEFORE [(0)] AFTER [0]
DEBUG 2022-01-16 14:26:48,745 (G:\Projects\Personnal\Convert-SQL-Server-to-SQLite\DbAccess\SqlServerToSQLite.cs:751) - DEFAULT VALUE BEFORE [(getdate)] AFTER [getdate]
DEBUG 2022-01-16 14:26:48,745 (G:\Projects\Personnal\Convert-SQL-Server-to-SQLite\DbAccess\SqlServerToSQLite.cs:754) - converted SQL Server GETDATE() to CURRENT_TIMESTAMP for column [CreationDate]
DEBUG 2022-01-16 14:26:48,745 (G:\Projects\Personnal\Convert-SQL-Server-to-SQLite\DbAccess\SqlServerToSQLite.cs:751) - DEFAULT VALUE BEFORE [] AFTER []
 INFO 2022-01-16 14:26:48,745 (G:\Projects\Personnal\Convert-SQL-Server-to-SQLite\DbAccess\SqlServerToSQLite.cs:597) - 

CREATE TABLE [Locations] (
	"Id"		char(36) NOT NULL DEFAULT (lower(hex(randomblob(4))) || '-' || lower(hex(randomblob(2))) || '-4' || substr(lower(hex(randomblob(2))),2) || '-' || substr('89ab',abs(random()) % 4 + 1, 1) || substr(lower(hex(randomblob(2))),2) || '-' || lower(hex(randomblob(6)))),
	"Name"		nvarchar NOT NULL COLLATE NOCASE,
	"Address"		nvarchar NOT NULL COLLATE NOCASE,
	"MaxPerson"		integer NOT NULL,
	"IdParentLocation"		char(36),
	"IdCompany"		char(36) NOT NULL,
	"OrderInList"		integer NOT NULL DEFAULT 0,
	"InOffice"		bit,
	"MaxPlaceAvailable"		integer NOT NULL DEFAULT 0,
	"HierarchyLevel"		nvarchar COLLATE NOCASE,
	"Archived"		bit NOT NULL DEFAULT 0,
	"CreationDate"		datetime NOT NULL DEFAULT (CURRENT_TIMESTAMP),
	"SeatArchitectureId"		char(36),
    PRIMARY KEY ([Id])
,
    FOREIGN KEY ([IdParentLocation])
        REFERENCES [Locations]([Id]) DEFERRABLE INITIALLY DEFERRED,
    FOREIGN KEY ([IdCompany])
        REFERENCES [Companies]([Id]) DEFERRABLE INITIALLY DEFERRED
);



DEBUG 2022-01-16 14:26:48,750 (G:\Projects\Personnal\Convert-SQL-Server-to-SQLite\DbAccess\SqlServerToSQLite.cs:517) - added schema for SQLite table [Locations]
DEBUG 2022-01-16 14:26:48,750 (G:\Projects\Personnal\Convert-SQL-Server-to-SQLite\DbAccess\SqlServerToSQLite.cs:751) - DEFAULT VALUE BEFORE [] AFTER []
DEBUG 2022-01-16 14:26:48,750 (G:\Projects\Personnal\Convert-SQL-Server-to-SQLite\DbAccess\SqlServerToSQLite.cs:751) - DEFAULT VALUE BEFORE [] AFTER []
DEBUG 2022-01-16 14:26:48,750 (G:\Projects\Personnal\Convert-SQL-Server-to-SQLite\DbAccess\SqlServerToSQLite.cs:751) - DEFAULT VALUE BEFORE [] AFTER []
DEBUG 2022-01-16 14:26:48,750 (G:\Projects\Personnal\Convert-SQL-Server-to-SQLite\DbAccess\SqlServerToSQLite.cs:751) - DEFAULT VALUE BEFORE [] AFTER []
DEBUG 2022-01-16 14:26:48,750 (G:\Projects\Personnal\Convert-SQL-Server-to-SQLite\DbAccess\SqlServerToSQLite.cs:751) - DEFAULT VALUE BEFORE [] AFTER []
DEBUG 2022-01-16 14:26:48,750 (G:\Projects\Personnal\Convert-SQL-Server-to-SQLite\DbAccess\SqlServerToSQLite.cs:751) - DEFAULT VALUE BEFORE [] AFTER []
DEBUG 2022-01-16 14:26:48,751 (G:\Projects\Personnal\Convert-SQL-Server-to-SQLite\DbAccess\SqlServerToSQLite.cs:751) - DEFAULT VALUE BEFORE [] AFTER []
DEBUG 2022-01-16 14:26:48,751 (G:\Projects\Personnal\Convert-SQL-Server-to-SQLite\DbAccess\SqlServerToSQLite.cs:751) - DEFAULT VALUE BEFORE [] AFTER []
 INFO 2022-01-16 14:26:48,751 (G:\Projects\Personnal\Convert-SQL-Server-to-SQLite\DbAccess\SqlServerToSQLite.cs:597) - 

CREATE TABLE [Meetings] (
	"Id"		char(36) NOT NULL,
	"Name"		nvarchar NOT NULL COLLATE NOCASE,
	"OfficeId"		char(36) NOT NULL,
	"OrganizerId"		char(36) NOT NULL,
	"CreationDate"		datetime NOT NULL,
	"StartDate"		datetime NOT NULL,
	"EndDate"		datetime NOT NULL,
	"MicrosoftEventId"		nvarchar COLLATE NOCASE,
    PRIMARY KEY ([Id])
,
    FOREIGN KEY ([OfficeId])
        REFERENCES [Offices]([Id]) DEFERRABLE INITIALLY DEFERRED,
    FOREIGN KEY ([OrganizerId])
        REFERENCES [Users]([Id]) DEFERRABLE INITIALLY DEFERRED
);



DEBUG 2022-01-16 14:26:48,759 (G:\Projects\Personnal\Convert-SQL-Server-to-SQLite\DbAccess\SqlServerToSQLite.cs:517) - added schema for SQLite table [Meetings]
DEBUG 2022-01-16 14:26:48,759 (G:\Projects\Personnal\Convert-SQL-Server-to-SQLite\DbAccess\SqlServerToSQLite.cs:751) - DEFAULT VALUE BEFORE [] AFTER []
DEBUG 2022-01-16 14:26:48,759 (G:\Projects\Personnal\Convert-SQL-Server-to-SQLite\DbAccess\SqlServerToSQLite.cs:751) - DEFAULT VALUE BEFORE [] AFTER []
 INFO 2022-01-16 14:26:48,759 (G:\Projects\Personnal\Convert-SQL-Server-to-SQLite\DbAccess\SqlServerToSQLite.cs:597) - 

CREATE TABLE [MeetingUsers] (
	"UserId"		char(36) NOT NULL,
	"MeetingId"		char(36) NOT NULL,
    PRIMARY KEY ([UserId], [MeetingId])
,
    FOREIGN KEY ([UserId])
        REFERENCES [Users]([Id]) DEFERRABLE INITIALLY DEFERRED,
    FOREIGN KEY ([MeetingId])
        REFERENCES [Meetings]([Id]) DEFERRABLE INITIALLY DEFERRED
);



DEBUG 2022-01-16 14:26:48,763 (G:\Projects\Personnal\Convert-SQL-Server-to-SQLite\DbAccess\SqlServerToSQLite.cs:517) - added schema for SQLite table [MeetingUsers]
DEBUG 2022-01-16 14:26:48,764 (G:\Projects\Personnal\Convert-SQL-Server-to-SQLite\DbAccess\SqlServerToSQLite.cs:751) - DEFAULT VALUE BEFORE [(newid)] AFTER [(lower(hex(randomblob(4))) || '-' || lower(hex(randomblob(2))) || '-4' || substr(lower(hex(randomblob(2))),2) || '-' || substr('89ab',abs(random()) % 4 + 1, 1) || substr(lower(hex(randomblob(2))),2) || '-' || lower(hex(randomblob(6))))]
DEBUG 2022-01-16 14:26:48,764 (G:\Projects\Personnal\Convert-SQL-Server-to-SQLite\DbAccess\SqlServerToSQLite.cs:751) - DEFAULT VALUE BEFORE [] AFTER []
DEBUG 2022-01-16 14:26:48,764 (G:\Projects\Personnal\Convert-SQL-Server-to-SQLite\DbAccess\SqlServerToSQLite.cs:751) - DEFAULT VALUE BEFORE [] AFTER []
DEBUG 2022-01-16 14:26:48,764 (G:\Projects\Personnal\Convert-SQL-Server-to-SQLite\DbAccess\SqlServerToSQLite.cs:751) - DEFAULT VALUE BEFORE [] AFTER []
DEBUG 2022-01-16 14:26:48,764 (G:\Projects\Personnal\Convert-SQL-Server-to-SQLite\DbAccess\SqlServerToSQLite.cs:751) - DEFAULT VALUE BEFORE [(0)] AFTER [0]
DEBUG 2022-01-16 14:26:48,764 (G:\Projects\Personnal\Convert-SQL-Server-to-SQLite\DbAccess\SqlServerToSQLite.cs:751) - DEFAULT VALUE BEFORE [(0)] AFTER [0]
DEBUG 2022-01-16 14:26:48,764 (G:\Projects\Personnal\Convert-SQL-Server-to-SQLite\DbAccess\SqlServerToSQLite.cs:751) - DEFAULT VALUE BEFORE [(0)] AFTER [0]
DEBUG 2022-01-16 14:26:48,764 (G:\Projects\Personnal\Convert-SQL-Server-to-SQLite\DbAccess\SqlServerToSQLite.cs:751) - DEFAULT VALUE BEFORE [(3)] AFTER [3]
DEBUG 2022-01-16 14:26:48,765 (G:\Projects\Personnal\Convert-SQL-Server-to-SQLite\DbAccess\SqlServerToSQLite.cs:751) - DEFAULT VALUE BEFORE [] AFTER []
DEBUG 2022-01-16 14:26:48,765 (G:\Projects\Personnal\Convert-SQL-Server-to-SQLite\DbAccess\SqlServerToSQLite.cs:751) - DEFAULT VALUE BEFORE [(getdate)] AFTER [getdate]
DEBUG 2022-01-16 14:26:48,765 (G:\Projects\Personnal\Convert-SQL-Server-to-SQLite\DbAccess\SqlServerToSQLite.cs:754) - converted SQL Server GETDATE() to CURRENT_TIMESTAMP for column [CreationDate]
 INFO 2022-01-16 14:26:48,765 (G:\Projects\Personnal\Convert-SQL-Server-to-SQLite\DbAccess\SqlServerToSQLite.cs:597) - 

CREATE TABLE [Teams] (
	"Id"		char(36) NOT NULL DEFAULT (lower(hex(randomblob(4))) || '-' || lower(hex(randomblob(2))) || '-4' || substr(lower(hex(randomblob(2))),2) || '-' || substr('89ab',abs(random()) % 4 + 1, 1) || substr(lower(hex(randomblob(2))),2) || '-' || lower(hex(randomblob(6)))),
	"Name"		nvarchar COLLATE NOCASE,
	"IdOwner"		char(36) NOT NULL,
	"Visibility"		nvarchar(50) COLLATE NOCASE,
	"IsPrefered"		bit NOT NULL DEFAULT 0,
	"IsHierarchy"		bit NOT NULL DEFAULT 0,
	"IsSocial"		bit NOT NULL DEFAULT 0,
	"NoticePeriod"		integer NOT NULL DEFAULT 3,
	"Description"		nvarchar COLLATE NOCASE,
	"CreationDate"		datetime NOT NULL DEFAULT (CURRENT_TIMESTAMP),
    PRIMARY KEY ([Id])
,
    FOREIGN KEY ([IdOwner])
        REFERENCES [Users]([Id]) DEFERRABLE INITIALLY DEFERRED
);



DEBUG 2022-01-16 14:26:48,770 (G:\Projects\Personnal\Convert-SQL-Server-to-SQLite\DbAccess\SqlServerToSQLite.cs:517) - added schema for SQLite table [Teams]
DEBUG 2022-01-16 14:26:48,772 (G:\Projects\Personnal\Convert-SQL-Server-to-SQLite\DbAccess\SqlServerToSQLite.cs:542) - finished adding all table/view schemas for SQLite database
DEBUG 2022-01-16 14:26:48,774 (G:\Projects\Personnal\Convert-SQL-Server-to-SQLite\DbAccess\SqlServerToSQLite.cs:141) - preparing to insert tables ...
DEBUG 2022-01-16 14:26:57,197 (G:\Projects\Personnal\Convert-SQL-Server-to-SQLite\DbAccess\SqlServerToSQLite.cs:194) - finished inserting all rows for table [Bookings]
DEBUG 2022-01-16 14:26:57,213 (G:\Projects\Personnal\Convert-SQL-Server-to-SQLite\DbAccess\SqlServerToSQLite.cs:194) - finished inserting all rows for table [Buildings]
DEBUG 2022-01-16 14:26:57,219 (G:\Projects\Personnal\Convert-SQL-Server-to-SQLite\DbAccess\SqlServerToSQLite.cs:194) - finished inserting all rows for table [Companies]
DEBUG 2022-01-16 14:26:57,225 (G:\Projects\Personnal\Convert-SQL-Server-to-SQLite\DbAccess\SqlServerToSQLite.cs:194) - finished inserting all rows for table [Configurations]
DEBUG 2022-01-16 14:26:57,230 (G:\Projects\Personnal\Convert-SQL-Server-to-SQLite\DbAccess\SqlServerToSQLite.cs:194) - finished inserting all rows for table [DataProtectionKeys]
DEBUG 2022-01-16 14:26:57,239 (G:\Projects\Personnal\Convert-SQL-Server-to-SQLite\DbAccess\SqlServerToSQLite.cs:194) - finished inserting all rows for table [Emails]
DEBUG 2022-01-16 14:26:57,263 (G:\Projects\Personnal\Convert-SQL-Server-to-SQLite\DbAccess\SqlServerToSQLite.cs:194) - finished inserting all rows for table [Floors]
DEBUG 2022-01-16 14:26:57,362 (G:\Projects\Personnal\Convert-SQL-Server-to-SQLite\DbAccess\SqlServerToSQLite.cs:194) - finished inserting all rows for table [JobLogs]
DEBUG 2022-01-16 14:26:57,390 (G:\Projects\Personnal\Convert-SQL-Server-to-SQLite\DbAccess\SqlServerToSQLite.cs:194) - finished inserting all rows for table [Notifications]
DEBUG 2022-01-16 14:26:57,475 (G:\Projects\Personnal\Convert-SQL-Server-to-SQLite\DbAccess\SqlServerToSQLite.cs:194) - finished inserting all rows for table [Offices]
DEBUG 2022-01-16 14:26:57,483 (G:\Projects\Personnal\Convert-SQL-Server-to-SQLite\DbAccess\SqlServerToSQLite.cs:194) - finished inserting all rows for table [Onboardings]
DEBUG 2022-01-16 14:26:57,490 (G:\Projects\Personnal\Convert-SQL-Server-to-SQLite\DbAccess\SqlServerToSQLite.cs:194) - finished inserting all rows for table [WorkingPolicies]
DEBUG 2022-01-16 14:26:57,491 (G:\Projects\Personnal\Convert-SQL-Server-to-SQLite\DbAccess\SqlServerToSQLite.cs:194) - finished inserting all rows for table [SQLSessions]
DEBUG 2022-01-16 14:26:57,510 (G:\Projects\Personnal\Convert-SQL-Server-to-SQLite\DbAccess\SqlServerToSQLite.cs:194) - finished inserting all rows for table [Users]
DEBUG 2022-01-16 14:26:57,517 (G:\Projects\Personnal\Convert-SQL-Server-to-SQLite\DbAccess\SqlServerToSQLite.cs:194) - finished inserting all rows for table [UsersTeamsLink]
DEBUG 2022-01-16 14:26:57,524 (G:\Projects\Personnal\Convert-SQL-Server-to-SQLite\DbAccess\SqlServerToSQLite.cs:194) - finished inserting all rows for table [Selections]
DEBUG 2022-01-16 14:26:57,530 (G:\Projects\Personnal\Convert-SQL-Server-to-SQLite\DbAccess\SqlServerToSQLite.cs:194) - finished inserting all rows for table [SlackTeams]
DEBUG 2022-01-16 14:26:57,536 (G:\Projects\Personnal\Convert-SQL-Server-to-SQLite\DbAccess\SqlServerToSQLite.cs:194) - finished inserting all rows for table [SlackMembers]
DEBUG 2022-01-16 14:26:57,547 (G:\Projects\Personnal\Convert-SQL-Server-to-SQLite\DbAccess\SqlServerToSQLite.cs:194) - finished inserting all rows for table [Events]
DEBUG 2022-01-16 14:26:57,593 (G:\Projects\Personnal\Convert-SQL-Server-to-SQLite\DbAccess\SqlServerToSQLite.cs:194) - finished inserting all rows for table [SeatArchitectures]
DEBUG 2022-01-16 14:26:57,601 (G:\Projects\Personnal\Convert-SQL-Server-to-SQLite\DbAccess\SqlServerToSQLite.cs:194) - finished inserting all rows for table [Seats]
DEBUG 2022-01-16 14:26:57,610 (G:\Projects\Personnal\Convert-SQL-Server-to-SQLite\DbAccess\SqlServerToSQLite.cs:194) - finished inserting all rows for table [Locations]
DEBUG 2022-01-16 14:26:57,617 (G:\Projects\Personnal\Convert-SQL-Server-to-SQLite\DbAccess\SqlServerToSQLite.cs:194) - finished inserting all rows for table [Meetings]
DEBUG 2022-01-16 14:26:57,619 (G:\Projects\Personnal\Convert-SQL-Server-to-SQLite\DbAccess\SqlServerToSQLite.cs:194) - finished inserting all rows for table [MeetingUsers]
DEBUG 2022-01-16 14:26:57,627 (G:\Projects\Personnal\Convert-SQL-Server-to-SQLite\DbAccess\SqlServerToSQLite.cs:194) - finished inserting all rows for table [Teams]
